
code.elf:     file format elf32-avr


Disassembly of section .text:

00000000 <__vectors>:
       0:	0c 94 24 01 	jmp	0x248	; 0x248 <__ctors_end>
       4:	0c 94 41 01 	jmp	0x282	; 0x282 <__bad_interrupt>
       8:	0c 94 41 01 	jmp	0x282	; 0x282 <__bad_interrupt>
       c:	0c 94 41 01 	jmp	0x282	; 0x282 <__bad_interrupt>
      10:	0c 94 41 01 	jmp	0x282	; 0x282 <__bad_interrupt>
      14:	0c 94 41 01 	jmp	0x282	; 0x282 <__bad_interrupt>
      18:	0c 94 41 01 	jmp	0x282	; 0x282 <__bad_interrupt>
      1c:	0c 94 41 01 	jmp	0x282	; 0x282 <__bad_interrupt>
      20:	0c 94 41 01 	jmp	0x282	; 0x282 <__bad_interrupt>
      24:	0c 94 41 01 	jmp	0x282	; 0x282 <__bad_interrupt>
      28:	0c 94 41 01 	jmp	0x282	; 0x282 <__bad_interrupt>
      2c:	0c 94 41 01 	jmp	0x282	; 0x282 <__bad_interrupt>
      30:	0c 94 41 01 	jmp	0x282	; 0x282 <__bad_interrupt>
      34:	0c 94 41 01 	jmp	0x282	; 0x282 <__bad_interrupt>
      38:	0c 94 41 01 	jmp	0x282	; 0x282 <__bad_interrupt>
      3c:	0c 94 41 01 	jmp	0x282	; 0x282 <__bad_interrupt>
      40:	0c 94 41 01 	jmp	0x282	; 0x282 <__bad_interrupt>
      44:	0c 94 41 01 	jmp	0x282	; 0x282 <__bad_interrupt>
      48:	0c 94 41 01 	jmp	0x282	; 0x282 <__bad_interrupt>
      4c:	0c 94 41 01 	jmp	0x282	; 0x282 <__bad_interrupt>
      50:	0c 94 41 01 	jmp	0x282	; 0x282 <__bad_interrupt>
      54:	0c 94 41 01 	jmp	0x282	; 0x282 <__bad_interrupt>
      58:	0c 94 41 01 	jmp	0x282	; 0x282 <__bad_interrupt>
      5c:	0c 94 41 01 	jmp	0x282	; 0x282 <__bad_interrupt>
      60:	0c 94 41 01 	jmp	0x282	; 0x282 <__bad_interrupt>
      64:	0c 94 41 01 	jmp	0x282	; 0x282 <__bad_interrupt>

00000068 <CHARSET>:
      68:	00 00 00 00 00 00 00 5f 00 00 00 07 00 07 00 14     ......._........
      78:	7f 14 7f 14 24 2a 7f 2a 12 23 13 08 64 62 36 49     ....$*.*.#..db6I
      88:	55 22 50 00 05 03 00 00 00 1c 22 41 00 00 41 22     U"P......."A..A"
      98:	1c 00 14 08 3e 08 14 08 08 3e 08 08 00 50 30 00     ....>....>...P0.
      a8:	00 08 08 08 08 08 00 60 60 00 00 20 10 08 04 02     .......``.. ....
      b8:	3e 51 49 45 3e 00 42 7f 40 00 42 61 51 49 46 21     >QIE>.B.@.BaQIF!
      c8:	41 45 4b 31 18 14 12 7f 10 27 45 45 45 39 3c 4a     AEK1.....'EEE9<J
      d8:	49 49 30 01 71 09 05 03 36 49 49 49 36 06 49 49     II0.q...6III6.II
      e8:	29 1e 00 36 36 00 00 00 56 36 00 00 08 14 22 41     )..66...V6...."A
      f8:	00 14 14 14 14 14 00 41 22 14 08 02 01 51 09 06     .......A"....Q..
     108:	32 49 79 41 3e 7e 11 11 11 7e 7f 49 49 49 36 3e     2IyA>~...~.III6>
     118:	41 41 41 22 7f 41 41 22 1c 7f 49 49 49 41 7f 09     AAA".AA"..IIIA..
     128:	09 09 01 3e 41 49 49 7a 7f 08 08 08 7f 00 41 7f     ...>AIIz......A.
     138:	41 00 20 40 41 3f 01 7f 08 14 22 41 7f 40 40 40     A. @A?...."A.@@@
     148:	40 7f 02 0c 02 7f 7f 04 08 10 7f 3e 41 41 41 3e     @..........>AAA>
     158:	7f 09 09 09 06 3e 41 51 21 5e 7f 09 19 29 46 46     .....>AQ!^...)FF
     168:	49 49 49 31 01 01 7f 01 01 3f 40 40 40 3f 1f 20     III1.....?@@@?. 
     178:	40 20 1f 3f 40 38 40 3f 63 14 08 14 63 07 08 70     @ .?@8@?c...c..p
     188:	08 07 61 51 49 45 43 00 7f 41 41 00 02 04 08 10     ..aQIEC..AA.....
     198:	20 00 41 41 7f 00 04 02 01 02 04 40 40 40 40 40      .AA.......@@@@@
     1a8:	00 01 02 04 00 20 54 54 54 78 7f 48 44 44 38 38     ..... TTTx.HDD88
     1b8:	44 44 44 20 38 44 44 48 7f 38 54 54 54 18 08 7e     DDD 8DDH.8TTT..~
     1c8:	09 01 02 0c 52 52 52 3e 7f 08 04 04 78 00 44 7d     ....RRR>....x.D}
     1d8:	40 00 20 40 44 3d 00 7f 10 28 44 00 00 41 7f 40     @. @D=...(D..A.@
     1e8:	00 7c 04 18 04 78 7c 08 04 04 78 38 44 44 44 38     .|...x|...x8DDD8
     1f8:	7c 14 14 14 08 08 14 14 18 7c 7c 08 04 04 08 48     |........||....H
     208:	54 54 54 20 04 3f 44 40 20 3c 40 40 20 7c 1c 20     TTT .?D@ <@@ |. 
     218:	40 20 1c 3c 40 30 40 3c 44 28 10 28 44 0c 50 50     @ .<@0@<D(.(D.PP
     228:	50 3c 44 64 54 4c 44 00 08 36 41 00 00 00 7f 00     P<DdTLD..6A.....
     238:	00 00 41 36 08 00 10 08 08 10 08 00 00 00 00 00     ..A6............

00000248 <__ctors_end>:
     248:	11 24       	eor	r1, r1
     24a:	1f be       	out	0x3f, r1	; 63
     24c:	cf ef       	ldi	r28, 0xFF	; 255
     24e:	d8 e0       	ldi	r29, 0x08	; 8
     250:	de bf       	out	0x3e, r29	; 62
     252:	cd bf       	out	0x3d, r28	; 61

00000254 <__do_copy_data>:
     254:	11 e0       	ldi	r17, 0x01	; 1
     256:	a0 e0       	ldi	r26, 0x00	; 0
     258:	b1 e0       	ldi	r27, 0x01	; 1
     25a:	e6 ef       	ldi	r30, 0xF6	; 246
     25c:	f4 e1       	ldi	r31, 0x14	; 20
     25e:	02 c0       	rjmp	.+4      	; 0x264 <__do_copy_data+0x10>
     260:	05 90       	lpm	r0, Z+
     262:	0d 92       	st	X+, r0
     264:	a0 34       	cpi	r26, 0x40	; 64
     266:	b1 07       	cpc	r27, r17
     268:	d9 f7       	brne	.-10     	; 0x260 <__do_copy_data+0xc>

0000026a <__do_clear_bss>:
     26a:	23 e0       	ldi	r18, 0x03	; 3
     26c:	a0 e4       	ldi	r26, 0x40	; 64
     26e:	b1 e0       	ldi	r27, 0x01	; 1
     270:	01 c0       	rjmp	.+2      	; 0x274 <.do_clear_bss_start>

00000272 <.do_clear_bss_loop>:
     272:	1d 92       	st	X+, r1

00000274 <.do_clear_bss_start>:
     274:	a3 38       	cpi	r26, 0x83	; 131
     276:	b2 07       	cpc	r27, r18
     278:	e1 f7       	brne	.-8      	; 0x272 <.do_clear_bss_loop>
     27a:	0e 94 90 06 	call	0xd20	; 0xd20 <main>
     27e:	0c 94 79 0a 	jmp	0x14f2	; 0x14f2 <_exit>

00000282 <__bad_interrupt>:
     282:	0c 94 00 00 	jmp	0	; 0x0 <__vectors>

00000286 <def_senha>:
     286:	0f 93       	push	r16
     288:	1f 93       	push	r17
     28a:	cf 93       	push	r28
     28c:	df 93       	push	r29
     28e:	d0 e0       	ldi	r29, 0x00	; 0
     290:	c0 e0       	ldi	r28, 0x00	; 0
     292:	0a e0       	ldi	r16, 0x0A	; 10
     294:	10 e0       	ldi	r17, 0x00	; 0
     296:	0e 94 07 0a 	call	0x140e	; 0x140e <rand>
     29a:	b8 01       	movw	r22, r16
     29c:	0e 94 ff 06 	call	0xdfe	; 0xdfe <__divmodhi4>
     2a0:	c0 96       	adiw	r24, 0x30	; 48
     2a2:	e0 e4       	ldi	r30, 0x40	; 64
     2a4:	f1 e0       	ldi	r31, 0x01	; 1
     2a6:	30 e0       	ldi	r19, 0x00	; 0
     2a8:	20 e0       	ldi	r18, 0x00	; 0
     2aa:	41 91       	ld	r20, Z+
     2ac:	04 2e       	mov	r0, r20
     2ae:	00 0c       	add	r0, r0
     2b0:	55 0b       	sbc	r21, r21
     2b2:	48 17       	cp	r20, r24
     2b4:	59 07       	cpc	r21, r25
     2b6:	11 f4       	brne	.+4      	; 0x2bc <def_senha+0x36>
     2b8:	2f 5f       	subi	r18, 0xFF	; 255
     2ba:	3f 4f       	sbci	r19, 0xFF	; 255
     2bc:	41 e0       	ldi	r20, 0x01	; 1
     2be:	e4 34       	cpi	r30, 0x44	; 68
     2c0:	f4 07       	cpc	r31, r20
     2c2:	99 f7       	brne	.-26     	; 0x2aa <def_senha+0x24>
     2c4:	23 2b       	or	r18, r19
     2c6:	61 f0       	breq	.+24     	; 0x2e0 <def_senha+0x5a>
     2c8:	21 97       	sbiw	r28, 0x01	; 1
     2ca:	21 96       	adiw	r28, 0x01	; 1
     2cc:	c4 30       	cpi	r28, 0x04	; 4
     2ce:	d1 05       	cpc	r29, r1
     2d0:	11 f7       	brne	.-60     	; 0x296 <def_senha+0x10>
     2d2:	10 92 44 01 	sts	0x0144, r1	; 0x800144 <senha+0x4>
     2d6:	df 91       	pop	r29
     2d8:	cf 91       	pop	r28
     2da:	1f 91       	pop	r17
     2dc:	0f 91       	pop	r16
     2de:	08 95       	ret
     2e0:	fe 01       	movw	r30, r28
     2e2:	e0 5c       	subi	r30, 0xC0	; 192
     2e4:	fe 4f       	sbci	r31, 0xFE	; 254
     2e6:	80 83       	st	Z, r24
     2e8:	f0 cf       	rjmp	.-32     	; 0x2ca <def_senha+0x44>

000002ea <draw_line>:
     2ea:	82 30       	cpi	r24, 0x02	; 2
     2ec:	e9 f0       	breq	.+58     	; 0x328 <draw_line+0x3e>
     2ee:	70 f4       	brcc	.+28     	; 0x30c <draw_line+0x22>
     2f0:	81 11       	cpse	r24, r1
     2f2:	0f c0       	rjmp	.+30     	; 0x312 <draw_line+0x28>
     2f4:	21 e1       	ldi	r18, 0x11	; 17
     2f6:	4a e0       	ldi	r20, 0x0A	; 10
     2f8:	61 e1       	ldi	r22, 0x11	; 17
     2fa:	80 e0       	ldi	r24, 0x00	; 0
     2fc:	0e 94 10 03 	call	0x620	; 0x620 <nokia_lcd_drawline>
     300:	20 e0       	ldi	r18, 0x00	; 0
     302:	4a e0       	ldi	r20, 0x0A	; 10
     304:	60 e0       	ldi	r22, 0x00	; 0
     306:	80 e0       	ldi	r24, 0x00	; 0
     308:	0c 94 10 03 	jmp	0x620	; 0x620 <nokia_lcd_drawline>
     30c:	83 30       	cpi	r24, 0x03	; 3
     30e:	b9 f0       	breq	.+46     	; 0x33e <draw_line+0x54>
     310:	08 95       	ret
     312:	21 e1       	ldi	r18, 0x11	; 17
     314:	45 e1       	ldi	r20, 0x15	; 21
     316:	61 e1       	ldi	r22, 0x11	; 17
     318:	8b e0       	ldi	r24, 0x0B	; 11
     31a:	0e 94 10 03 	call	0x620	; 0x620 <nokia_lcd_drawline>
     31e:	20 e0       	ldi	r18, 0x00	; 0
     320:	45 e1       	ldi	r20, 0x15	; 21
     322:	60 e0       	ldi	r22, 0x00	; 0
     324:	8b e0       	ldi	r24, 0x0B	; 11
     326:	f0 cf       	rjmp	.-32     	; 0x308 <draw_line+0x1e>
     328:	21 e1       	ldi	r18, 0x11	; 17
     32a:	40 e2       	ldi	r20, 0x20	; 32
     32c:	61 e1       	ldi	r22, 0x11	; 17
     32e:	86 e1       	ldi	r24, 0x16	; 22
     330:	0e 94 10 03 	call	0x620	; 0x620 <nokia_lcd_drawline>
     334:	20 e0       	ldi	r18, 0x00	; 0
     336:	40 e2       	ldi	r20, 0x20	; 32
     338:	60 e0       	ldi	r22, 0x00	; 0
     33a:	86 e1       	ldi	r24, 0x16	; 22
     33c:	e5 cf       	rjmp	.-54     	; 0x308 <draw_line+0x1e>
     33e:	21 e1       	ldi	r18, 0x11	; 17
     340:	4b e2       	ldi	r20, 0x2B	; 43
     342:	61 e1       	ldi	r22, 0x11	; 17
     344:	81 e2       	ldi	r24, 0x21	; 33
     346:	0e 94 10 03 	call	0x620	; 0x620 <nokia_lcd_drawline>
     34a:	20 e0       	ldi	r18, 0x00	; 0
     34c:	4b e2       	ldi	r20, 0x2B	; 43
     34e:	60 e0       	ldi	r22, 0x00	; 0
     350:	81 e2       	ldi	r24, 0x21	; 33
     352:	da cf       	rjmp	.-76     	; 0x308 <draw_line+0x1e>

00000354 <write>:
     354:	29 98       	cbi	0x05, 1	; 5
     356:	66 23       	and	r22, r22
     358:	a9 f0       	breq	.+42     	; 0x384 <write+0x30>
     35a:	2b 9a       	sbi	0x05, 3	; 5
     35c:	27 e0       	ldi	r18, 0x07	; 7
     35e:	30 e0       	ldi	r19, 0x00	; 0
     360:	90 e0       	ldi	r25, 0x00	; 0
     362:	ac 01       	movw	r20, r24
     364:	02 2e       	mov	r0, r18
     366:	02 c0       	rjmp	.+4      	; 0x36c <write+0x18>
     368:	55 95       	asr	r21
     36a:	47 95       	ror	r20
     36c:	0a 94       	dec	r0
     36e:	e2 f7       	brpl	.-8      	; 0x368 <write+0x14>
     370:	40 ff       	sbrs	r20, 0
     372:	0a c0       	rjmp	.+20     	; 0x388 <write+0x34>
     374:	2c 9a       	sbi	0x05, 4	; 5
     376:	2d 9a       	sbi	0x05, 5	; 5
     378:	2d 98       	cbi	0x05, 5	; 5
     37a:	21 50       	subi	r18, 0x01	; 1
     37c:	31 09       	sbc	r19, r1
     37e:	88 f7       	brcc	.-30     	; 0x362 <write+0xe>
     380:	29 9a       	sbi	0x05, 1	; 5
     382:	08 95       	ret
     384:	2b 98       	cbi	0x05, 3	; 5
     386:	ea cf       	rjmp	.-44     	; 0x35c <write+0x8>
     388:	2c 98       	cbi	0x05, 4	; 5
     38a:	f5 cf       	rjmp	.-22     	; 0x376 <write+0x22>

0000038c <write_cmd>:
     38c:	60 e0       	ldi	r22, 0x00	; 0
     38e:	0c 94 aa 01 	jmp	0x354	; 0x354 <write>

00000392 <nokia_lcd_init>:
     392:	cf 93       	push	r28
     394:	df 93       	push	r29
     396:	21 9a       	sbi	0x04, 1	; 4
     398:	22 9a       	sbi	0x04, 2	; 4
     39a:	23 9a       	sbi	0x04, 3	; 4
     39c:	24 9a       	sbi	0x04, 4	; 4
     39e:	25 9a       	sbi	0x04, 5	; 4
     3a0:	2a 9a       	sbi	0x05, 2	; 5
     3a2:	29 9a       	sbi	0x05, 1	; 5
     3a4:	8f e3       	ldi	r24, 0x3F	; 63
     3a6:	9c e9       	ldi	r25, 0x9C	; 156
     3a8:	01 97       	sbiw	r24, 0x01	; 1
     3aa:	f1 f7       	brne	.-4      	; 0x3a8 <nokia_lcd_init+0x16>
     3ac:	00 c0       	rjmp	.+0      	; 0x3ae <nokia_lcd_init+0x1c>
     3ae:	00 00       	nop
     3b0:	2a 98       	cbi	0x05, 2	; 5
     3b2:	9f ef       	ldi	r25, 0xFF	; 255
     3b4:	2a e6       	ldi	r18, 0x6A	; 106
     3b6:	83 e0       	ldi	r24, 0x03	; 3
     3b8:	91 50       	subi	r25, 0x01	; 1
     3ba:	20 40       	sbci	r18, 0x00	; 0
     3bc:	80 40       	sbci	r24, 0x00	; 0
     3be:	e1 f7       	brne	.-8      	; 0x3b8 <nokia_lcd_init+0x26>
     3c0:	00 c0       	rjmp	.+0      	; 0x3c2 <nokia_lcd_init+0x30>
     3c2:	00 00       	nop
     3c4:	2a 9a       	sbi	0x05, 2	; 5
     3c6:	29 98       	cbi	0x05, 1	; 5
     3c8:	81 e2       	ldi	r24, 0x21	; 33
     3ca:	0e 94 c6 01 	call	0x38c	; 0x38c <write_cmd>
     3ce:	83 e1       	ldi	r24, 0x13	; 19
     3d0:	0e 94 c6 01 	call	0x38c	; 0x38c <write_cmd>
     3d4:	86 e0       	ldi	r24, 0x06	; 6
     3d6:	0e 94 c6 01 	call	0x38c	; 0x38c <write_cmd>
     3da:	82 ec       	ldi	r24, 0xC2	; 194
     3dc:	0e 94 c6 01 	call	0x38c	; 0x38c <write_cmd>
     3e0:	80 e2       	ldi	r24, 0x20	; 32
     3e2:	0e 94 c6 01 	call	0x38c	; 0x38c <write_cmd>
     3e6:	89 e0       	ldi	r24, 0x09	; 9
     3e8:	0e 94 c6 01 	call	0x38c	; 0x38c <write_cmd>
     3ec:	80 e8       	ldi	r24, 0x80	; 128
     3ee:	0e 94 c6 01 	call	0x38c	; 0x38c <write_cmd>
     3f2:	80 e4       	ldi	r24, 0x40	; 64
     3f4:	0e 94 c6 01 	call	0x38c	; 0x38c <write_cmd>
     3f8:	c8 ef       	ldi	r28, 0xF8	; 248
     3fa:	d1 e0       	ldi	r29, 0x01	; 1
     3fc:	61 e0       	ldi	r22, 0x01	; 1
     3fe:	80 e0       	ldi	r24, 0x00	; 0
     400:	0e 94 aa 01 	call	0x354	; 0x354 <write>
     404:	21 97       	sbiw	r28, 0x01	; 1
     406:	d1 f7       	brne	.-12     	; 0x3fc <nokia_lcd_init+0x6a>
     408:	88 e0       	ldi	r24, 0x08	; 8
     40a:	0e 94 c6 01 	call	0x38c	; 0x38c <write_cmd>
     40e:	8c e0       	ldi	r24, 0x0C	; 12
     410:	df 91       	pop	r29
     412:	cf 91       	pop	r28
     414:	0c 94 c6 01 	jmp	0x38c	; 0x38c <write_cmd>

00000418 <nokia_lcd_clear>:
     418:	80 e8       	ldi	r24, 0x80	; 128
     41a:	0e 94 c6 01 	call	0x38c	; 0x38c <write_cmd>
     41e:	80 e4       	ldi	r24, 0x40	; 64
     420:	0e 94 c6 01 	call	0x38c	; 0x38c <write_cmd>
     424:	10 92 7d 03 	sts	0x037D, r1	; 0x80037d <nokia_lcd+0x1f8>
     428:	10 92 7e 03 	sts	0x037E, r1	; 0x80037e <nokia_lcd+0x1f9>
     42c:	e5 e8       	ldi	r30, 0x85	; 133
     42e:	f1 e0       	ldi	r31, 0x01	; 1
     430:	88 ef       	ldi	r24, 0xF8	; 248
     432:	91 e0       	ldi	r25, 0x01	; 1
     434:	df 01       	movw	r26, r30
     436:	9c 01       	movw	r18, r24
     438:	1d 92       	st	X+, r1
     43a:	21 50       	subi	r18, 0x01	; 1
     43c:	30 40       	sbci	r19, 0x00	; 0
     43e:	e1 f7       	brne	.-8      	; 0x438 <nokia_lcd_clear+0x20>
     440:	08 95       	ret

00000442 <nokia_lcd_power>:
     442:	81 11       	cpse	r24, r1
     444:	03 c0       	rjmp	.+6      	; 0x44c <nokia_lcd_power+0xa>
     446:	84 e2       	ldi	r24, 0x24	; 36
     448:	0c 94 c6 01 	jmp	0x38c	; 0x38c <write_cmd>
     44c:	80 e2       	ldi	r24, 0x20	; 32
     44e:	fc cf       	rjmp	.-8      	; 0x448 <nokia_lcd_power+0x6>

00000450 <nokia_lcd_set_pixel>:
     450:	96 2f       	mov	r25, r22
     452:	96 95       	lsr	r25
     454:	96 95       	lsr	r25
     456:	96 95       	lsr	r25
     458:	e8 2f       	mov	r30, r24
     45a:	f0 e0       	ldi	r31, 0x00	; 0
     45c:	84 e5       	ldi	r24, 0x54	; 84
     45e:	98 9f       	mul	r25, r24
     460:	e0 0d       	add	r30, r0
     462:	f1 1d       	adc	r31, r1
     464:	11 24       	eor	r1, r1
     466:	eb 57       	subi	r30, 0x7B	; 123
     468:	fe 4f       	sbci	r31, 0xFE	; 254
     46a:	20 81       	ld	r18, Z
     46c:	67 70       	andi	r22, 0x07	; 7
     46e:	81 e0       	ldi	r24, 0x01	; 1
     470:	90 e0       	ldi	r25, 0x00	; 0
     472:	01 c0       	rjmp	.+2      	; 0x476 <nokia_lcd_set_pixel+0x26>
     474:	88 0f       	add	r24, r24
     476:	6a 95       	dec	r22
     478:	ea f7       	brpl	.-6      	; 0x474 <nokia_lcd_set_pixel+0x24>
     47a:	44 23       	and	r20, r20
     47c:	19 f0       	breq	.+6      	; 0x484 <nokia_lcd_set_pixel+0x34>
     47e:	28 2b       	or	r18, r24
     480:	20 83       	st	Z, r18
     482:	08 95       	ret
     484:	80 95       	com	r24
     486:	28 23       	and	r18, r24
     488:	fb cf       	rjmp	.-10     	; 0x480 <nokia_lcd_set_pixel+0x30>

0000048a <nokia_lcd_write_char>:
     48a:	8f 92       	push	r8
     48c:	9f 92       	push	r9
     48e:	af 92       	push	r10
     490:	bf 92       	push	r11
     492:	df 92       	push	r13
     494:	ef 92       	push	r14
     496:	ff 92       	push	r15
     498:	0f 93       	push	r16
     49a:	1f 93       	push	r17
     49c:	cf 93       	push	r28
     49e:	df 93       	push	r29
     4a0:	00 d0       	rcall	.+0      	; 0x4a2 <nokia_lcd_write_char+0x18>
     4a2:	00 d0       	rcall	.+0      	; 0x4a4 <nokia_lcd_write_char+0x1a>
     4a4:	0f 92       	push	r0
     4a6:	cd b7       	in	r28, 0x3d	; 61
     4a8:	de b7       	in	r29, 0x3e	; 62
     4aa:	e8 2f       	mov	r30, r24
     4ac:	f6 2e       	mov	r15, r22
     4ae:	80 32       	cpi	r24, 0x20	; 32
     4b0:	0c f4       	brge	.+2      	; 0x4b4 <nokia_lcd_write_char+0x2a>
     4b2:	4d c0       	rjmp	.+154    	; 0x54e <nokia_lcd_write_char+0xc4>
     4b4:	e0 52       	subi	r30, 0x20	; 32
     4b6:	85 e0       	ldi	r24, 0x05	; 5
     4b8:	e8 02       	muls	r30, r24
     4ba:	b0 01       	movw	r22, r0
     4bc:	11 24       	eor	r1, r1
     4be:	68 59       	subi	r22, 0x98	; 152
     4c0:	7f 4f       	sbci	r23, 0xFF	; 255
     4c2:	45 e0       	ldi	r20, 0x05	; 5
     4c4:	50 e0       	ldi	r21, 0x00	; 0
     4c6:	ce 01       	movw	r24, r28
     4c8:	01 96       	adiw	r24, 0x01	; 1
     4ca:	0e 94 17 0a 	call	0x142e	; 0x142e <memcpy_P>
     4ce:	8e 01       	movw	r16, r28
     4d0:	0f 5f       	subi	r16, 0xFF	; 255
     4d2:	1f 4f       	sbci	r17, 0xFF	; 255
     4d4:	95 e0       	ldi	r25, 0x05	; 5
     4d6:	f9 9e       	mul	r15, r25
     4d8:	50 01       	movw	r10, r0
     4da:	11 24       	eor	r1, r1
     4dc:	87 e0       	ldi	r24, 0x07	; 7
     4de:	f8 9e       	mul	r15, r24
     4e0:	40 01       	movw	r8, r0
     4e2:	11 24       	eor	r1, r1
     4e4:	e1 2c       	mov	r14, r1
     4e6:	ea 14       	cp	r14, r10
     4e8:	1b 04       	cpc	r1, r11
     4ea:	0c f4       	brge	.+2      	; 0x4ee <nokia_lcd_write_char+0x64>
     4ec:	63 c0       	rjmp	.+198    	; 0x5b4 <nokia_lcd_write_char+0x12a>
     4ee:	80 91 7d 03 	lds	r24, 0x037D	; 0x80037d <nokia_lcd+0x1f8>
     4f2:	8f 5f       	subi	r24, 0xFF	; 255
     4f4:	9f 2d       	mov	r25, r15
     4f6:	99 0f       	add	r25, r25
     4f8:	99 0f       	add	r25, r25
     4fa:	9f 0d       	add	r25, r15
     4fc:	89 0f       	add	r24, r25
     4fe:	80 93 7d 03 	sts	0x037D, r24	; 0x80037d <nokia_lcd+0x1f8>
     502:	84 35       	cpi	r24, 0x54	; 84
     504:	58 f0       	brcs	.+22     	; 0x51c <nokia_lcd_write_char+0x92>
     506:	80 91 7e 03 	lds	r24, 0x037E	; 0x80037e <nokia_lcd+0x1f9>
     50a:	10 92 7d 03 	sts	0x037D, r1	; 0x80037d <nokia_lcd+0x1f8>
     50e:	8f 5f       	subi	r24, 0xFF	; 255
     510:	97 e0       	ldi	r25, 0x07	; 7
     512:	f9 9e       	mul	r15, r25
     514:	80 0d       	add	r24, r0
     516:	11 24       	eor	r1, r1
     518:	80 93 7e 03 	sts	0x037E, r24	; 0x80037e <nokia_lcd+0x1f9>
     51c:	80 91 7e 03 	lds	r24, 0x037E	; 0x80037e <nokia_lcd+0x1f9>
     520:	80 33       	cpi	r24, 0x30	; 48
     522:	20 f0       	brcs	.+8      	; 0x52c <nokia_lcd_write_char+0xa2>
     524:	10 92 7d 03 	sts	0x037D, r1	; 0x80037d <nokia_lcd+0x1f8>
     528:	10 92 7e 03 	sts	0x037E, r1	; 0x80037e <nokia_lcd+0x1f9>
     52c:	0f 90       	pop	r0
     52e:	0f 90       	pop	r0
     530:	0f 90       	pop	r0
     532:	0f 90       	pop	r0
     534:	0f 90       	pop	r0
     536:	df 91       	pop	r29
     538:	cf 91       	pop	r28
     53a:	1f 91       	pop	r17
     53c:	0f 91       	pop	r16
     53e:	ff 90       	pop	r15
     540:	ef 90       	pop	r14
     542:	df 90       	pop	r13
     544:	bf 90       	pop	r11
     546:	af 90       	pop	r10
     548:	9f 90       	pop	r9
     54a:	8f 90       	pop	r8
     54c:	08 95       	ret
     54e:	ee 0f       	add	r30, r30
     550:	ff 0b       	sbc	r31, r31
     552:	eb 5b       	subi	r30, 0xBB	; 187
     554:	fe 4f       	sbci	r31, 0xFE	; 254
     556:	00 81       	ld	r16, Z
     558:	11 81       	ldd	r17, Z+1	; 0x01
     55a:	01 15       	cp	r16, r1
     55c:	11 05       	cpc	r17, r1
     55e:	09 f0       	breq	.+2      	; 0x562 <nokia_lcd_write_char+0xd8>
     560:	b9 cf       	rjmp	.-142    	; 0x4d4 <nokia_lcd_write_char+0x4a>
     562:	45 e0       	ldi	r20, 0x05	; 5
     564:	50 e0       	ldi	r21, 0x00	; 0
     566:	68 e6       	ldi	r22, 0x68	; 104
     568:	70 e0       	ldi	r23, 0x00	; 0
     56a:	ad cf       	rjmp	.-166    	; 0x4c6 <nokia_lcd_write_char+0x3c>
     56c:	ed 0d       	add	r30, r13
     56e:	5e 0d       	add	r21, r14
     570:	8e 2d       	mov	r24, r14
     572:	6f 2d       	mov	r22, r15
     574:	0e 94 f3 06 	call	0xde6	; 0xde6 <__udivmodqi4>
     578:	d8 01       	movw	r26, r16
     57a:	a8 0f       	add	r26, r24
     57c:	b1 1d       	adc	r27, r1
     57e:	2c 91       	ld	r18, X
     580:	30 e0       	ldi	r19, 0x00	; 0
     582:	8d 2d       	mov	r24, r13
     584:	0e 94 f3 06 	call	0xde6	; 0xde6 <__udivmodqi4>
     588:	02 c0       	rjmp	.+4      	; 0x58e <nokia_lcd_write_char+0x104>
     58a:	35 95       	asr	r19
     58c:	27 95       	ror	r18
     58e:	8a 95       	dec	r24
     590:	e2 f7       	brpl	.-8      	; 0x58a <nokia_lcd_write_char+0x100>
     592:	41 e0       	ldi	r20, 0x01	; 1
     594:	20 ff       	sbrs	r18, 0
     596:	40 e0       	ldi	r20, 0x00	; 0
     598:	6e 2f       	mov	r22, r30
     59a:	85 2f       	mov	r24, r21
     59c:	0e 94 28 02 	call	0x450	; 0x450 <nokia_lcd_set_pixel>
     5a0:	d3 94       	inc	r13
     5a2:	e0 91 7e 03 	lds	r30, 0x037E	; 0x80037e <nokia_lcd+0x1f9>
     5a6:	50 91 7d 03 	lds	r21, 0x037D	; 0x80037d <nokia_lcd+0x1f8>
     5aa:	d8 14       	cp	r13, r8
     5ac:	19 04       	cpc	r1, r9
     5ae:	f4 f2       	brlt	.-68     	; 0x56c <nokia_lcd_write_char+0xe2>
     5b0:	e3 94       	inc	r14
     5b2:	99 cf       	rjmp	.-206    	; 0x4e6 <nokia_lcd_write_char+0x5c>
     5b4:	d1 2c       	mov	r13, r1
     5b6:	f5 cf       	rjmp	.-22     	; 0x5a2 <nokia_lcd_write_char+0x118>

000005b8 <nokia_lcd_custom>:
     5b8:	e8 2f       	mov	r30, r24
     5ba:	80 32       	cpi	r24, 0x20	; 32
     5bc:	34 f4       	brge	.+12     	; 0x5ca <nokia_lcd_custom+0x12>
     5be:	ee 0f       	add	r30, r30
     5c0:	ff 0b       	sbc	r31, r31
     5c2:	eb 5b       	subi	r30, 0xBB	; 187
     5c4:	fe 4f       	sbci	r31, 0xFE	; 254
     5c6:	71 83       	std	Z+1, r23	; 0x01
     5c8:	60 83       	st	Z, r22
     5ca:	08 95       	ret

000005cc <nokia_lcd_write_string>:
     5cc:	1f 93       	push	r17
     5ce:	cf 93       	push	r28
     5d0:	df 93       	push	r29
     5d2:	16 2f       	mov	r17, r22
     5d4:	ec 01       	movw	r28, r24
     5d6:	89 91       	ld	r24, Y+
     5d8:	81 11       	cpse	r24, r1
     5da:	04 c0       	rjmp	.+8      	; 0x5e4 <nokia_lcd_write_string+0x18>
     5dc:	df 91       	pop	r29
     5de:	cf 91       	pop	r28
     5e0:	1f 91       	pop	r17
     5e2:	08 95       	ret
     5e4:	61 2f       	mov	r22, r17
     5e6:	0e 94 45 02 	call	0x48a	; 0x48a <nokia_lcd_write_char>
     5ea:	f5 cf       	rjmp	.-22     	; 0x5d6 <nokia_lcd_write_string+0xa>

000005ec <nokia_lcd_set_cursor>:
     5ec:	80 93 7d 03 	sts	0x037D, r24	; 0x80037d <nokia_lcd+0x1f8>
     5f0:	60 93 7e 03 	sts	0x037E, r22	; 0x80037e <nokia_lcd+0x1f9>
     5f4:	08 95       	ret

000005f6 <nokia_lcd_render>:
     5f6:	cf 93       	push	r28
     5f8:	df 93       	push	r29
     5fa:	80 e8       	ldi	r24, 0x80	; 128
     5fc:	0e 94 c6 01 	call	0x38c	; 0x38c <write_cmd>
     600:	80 e4       	ldi	r24, 0x40	; 64
     602:	0e 94 c6 01 	call	0x38c	; 0x38c <write_cmd>
     606:	c5 e8       	ldi	r28, 0x85	; 133
     608:	d1 e0       	ldi	r29, 0x01	; 1
     60a:	61 e0       	ldi	r22, 0x01	; 1
     60c:	89 91       	ld	r24, Y+
     60e:	0e 94 aa 01 	call	0x354	; 0x354 <write>
     612:	83 e0       	ldi	r24, 0x03	; 3
     614:	cd 37       	cpi	r28, 0x7D	; 125
     616:	d8 07       	cpc	r29, r24
     618:	c1 f7       	brne	.-16     	; 0x60a <nokia_lcd_render+0x14>
     61a:	df 91       	pop	r29
     61c:	cf 91       	pop	r28
     61e:	08 95       	ret

00000620 <nokia_lcd_drawline>:
     620:	4f 92       	push	r4
     622:	5f 92       	push	r5
     624:	6f 92       	push	r6
     626:	7f 92       	push	r7
     628:	8f 92       	push	r8
     62a:	9f 92       	push	r9
     62c:	af 92       	push	r10
     62e:	bf 92       	push	r11
     630:	cf 92       	push	r12
     632:	df 92       	push	r13
     634:	ef 92       	push	r14
     636:	ff 92       	push	r15
     638:	cf 93       	push	r28
     63a:	df 93       	push	r29
     63c:	cd b7       	in	r28, 0x3d	; 61
     63e:	de b7       	in	r29, 0x3e	; 62
     640:	62 97       	sbiw	r28, 0x12	; 18
     642:	0f b6       	in	r0, 0x3f	; 63
     644:	f8 94       	cli
     646:	de bf       	out	0x3e, r29	; 62
     648:	0f be       	out	0x3f, r0	; 63
     64a:	cd bf       	out	0x3d, r28	; 61
     64c:	8d 87       	std	Y+13, r24	; 0x0d
     64e:	69 87       	std	Y+9, r22	; 0x09
     650:	f2 2e       	mov	r15, r18
     652:	48 1b       	sub	r20, r24
     654:	55 0b       	sbc	r21, r21
     656:	ca 01       	movw	r24, r20
     658:	55 0f       	add	r21, r21
     65a:	aa 0b       	sbc	r26, r26
     65c:	bb 0b       	sbc	r27, r27
     65e:	89 83       	std	Y+1, r24	; 0x01
     660:	9a 83       	std	Y+2, r25	; 0x02
     662:	ab 83       	std	Y+3, r26	; 0x03
     664:	bc 83       	std	Y+4, r27	; 0x04
     666:	bc 01       	movw	r22, r24
     668:	cd 01       	movw	r24, r26
     66a:	0e 94 7d 08 	call	0x10fa	; 0x10fa <__floatsisf>
     66e:	69 83       	std	Y+1, r22	; 0x01
     670:	7a 83       	std	Y+2, r23	; 0x02
     672:	8b 83       	std	Y+3, r24	; 0x03
     674:	9c 83       	std	Y+4, r25	; 0x04
     676:	af 2d       	mov	r26, r15
     678:	49 85       	ldd	r20, Y+9	; 0x09
     67a:	a4 1b       	sub	r26, r20
     67c:	bb 0b       	sbc	r27, r27
     67e:	cd 01       	movw	r24, r26
     680:	bb 0f       	add	r27, r27
     682:	aa 0b       	sbc	r26, r26
     684:	bb 0b       	sbc	r27, r27
     686:	8d 83       	std	Y+5, r24	; 0x05
     688:	9e 83       	std	Y+6, r25	; 0x06
     68a:	af 83       	std	Y+7, r26	; 0x07
     68c:	b8 87       	std	Y+8, r27	; 0x08
     68e:	bc 01       	movw	r22, r24
     690:	cd 01       	movw	r24, r26
     692:	0e 94 7d 08 	call	0x10fa	; 0x10fa <__floatsisf>
     696:	6d 83       	std	Y+5, r22	; 0x05
     698:	7e 83       	std	Y+6, r23	; 0x06
     69a:	8f 83       	std	Y+7, r24	; 0x07
     69c:	98 87       	std	Y+8, r25	; 0x08
     69e:	c9 80       	ldd	r12, Y+1	; 0x01
     6a0:	da 80       	ldd	r13, Y+2	; 0x02
     6a2:	eb 80       	ldd	r14, Y+3	; 0x03
     6a4:	fc 80       	ldd	r15, Y+4	; 0x04
     6a6:	e8 94       	clt
     6a8:	f7 f8       	bld	r15, 7
     6aa:	4b 01       	movw	r8, r22
     6ac:	5c 01       	movw	r10, r24
     6ae:	e8 94       	clt
     6b0:	b7 f8       	bld	r11, 7
     6b2:	a5 01       	movw	r20, r10
     6b4:	94 01       	movw	r18, r8
     6b6:	c7 01       	movw	r24, r14
     6b8:	b6 01       	movw	r22, r12
     6ba:	0e 94 2d 09 	call	0x125a	; 0x125a <__gesf2>
     6be:	87 ff       	sbrs	r24, 7
     6c0:	02 c0       	rjmp	.+4      	; 0x6c6 <nokia_lcd_drawline+0xa6>
     6c2:	75 01       	movw	r14, r10
     6c4:	64 01       	movw	r12, r8
     6c6:	a7 01       	movw	r20, r14
     6c8:	96 01       	movw	r18, r12
     6ca:	69 81       	ldd	r22, Y+1	; 0x01
     6cc:	7a 81       	ldd	r23, Y+2	; 0x02
     6ce:	8b 81       	ldd	r24, Y+3	; 0x03
     6d0:	9c 81       	ldd	r25, Y+4	; 0x04
     6d2:	0e 94 da 07 	call	0xfb4	; 0xfb4 <__divsf3>
     6d6:	69 83       	std	Y+1, r22	; 0x01
     6d8:	7a 83       	std	Y+2, r23	; 0x02
     6da:	8b 83       	std	Y+3, r24	; 0x03
     6dc:	9c 83       	std	Y+4, r25	; 0x04
     6de:	4b 01       	movw	r8, r22
     6e0:	5c 01       	movw	r10, r24
     6e2:	a7 01       	movw	r20, r14
     6e4:	96 01       	movw	r18, r12
     6e6:	6d 81       	ldd	r22, Y+5	; 0x05
     6e8:	7e 81       	ldd	r23, Y+6	; 0x06
     6ea:	8f 81       	ldd	r24, Y+7	; 0x07
     6ec:	98 85       	ldd	r25, Y+8	; 0x08
     6ee:	0e 94 da 07 	call	0xfb4	; 0xfb4 <__divsf3>
     6f2:	2b 01       	movw	r4, r22
     6f4:	3c 01       	movw	r6, r24
     6f6:	9d 85       	ldd	r25, Y+13	; 0x0d
     6f8:	89 2f       	mov	r24, r25
     6fa:	90 e0       	ldi	r25, 0x00	; 0
     6fc:	b0 e0       	ldi	r27, 0x00	; 0
     6fe:	a0 e0       	ldi	r26, 0x00	; 0
     700:	89 83       	std	Y+1, r24	; 0x01
     702:	9a 83       	std	Y+2, r25	; 0x02
     704:	ab 83       	std	Y+3, r26	; 0x03
     706:	bc 83       	std	Y+4, r27	; 0x04
     708:	bc 01       	movw	r22, r24
     70a:	cd 01       	movw	r24, r26
     70c:	0e 94 7b 08 	call	0x10f6	; 0x10f6 <__floatunsisf>
     710:	69 83       	std	Y+1, r22	; 0x01
     712:	7a 83       	std	Y+2, r23	; 0x02
     714:	8b 83       	std	Y+3, r24	; 0x03
     716:	9c 83       	std	Y+4, r25	; 0x04
     718:	99 85       	ldd	r25, Y+9	; 0x09
     71a:	89 2f       	mov	r24, r25
     71c:	90 e0       	ldi	r25, 0x00	; 0
     71e:	b0 e0       	ldi	r27, 0x00	; 0
     720:	a0 e0       	ldi	r26, 0x00	; 0
     722:	8d 83       	std	Y+5, r24	; 0x05
     724:	9e 83       	std	Y+6, r25	; 0x06
     726:	af 83       	std	Y+7, r26	; 0x07
     728:	b8 87       	std	Y+8, r27	; 0x08
     72a:	bc 01       	movw	r22, r24
     72c:	cd 01       	movw	r24, r26
     72e:	0e 94 7b 08 	call	0x10f6	; 0x10f6 <__floatunsisf>
     732:	6d 83       	std	Y+5, r22	; 0x05
     734:	7e 83       	std	Y+6, r23	; 0x06
     736:	8f 83       	std	Y+7, r24	; 0x07
     738:	98 87       	std	Y+8, r25	; 0x08
     73a:	a1 e0       	ldi	r26, 0x01	; 1
     73c:	b0 e0       	ldi	r27, 0x00	; 0
     73e:	ba 8b       	std	Y+18, r27	; 0x12
     740:	a9 8b       	std	Y+17, r26	; 0x11
     742:	89 89       	ldd	r24, Y+17	; 0x11
     744:	9a 89       	ldd	r25, Y+18	; 0x12
     746:	09 2e       	mov	r0, r25
     748:	00 0c       	add	r0, r0
     74a:	aa 0b       	sbc	r26, r26
     74c:	bb 0b       	sbc	r27, r27
     74e:	89 87       	std	Y+9, r24	; 0x09
     750:	9a 87       	std	Y+10, r25	; 0x0a
     752:	ab 87       	std	Y+11, r26	; 0x0b
     754:	bc 87       	std	Y+12, r27	; 0x0c
     756:	bc 01       	movw	r22, r24
     758:	cd 01       	movw	r24, r26
     75a:	0e 94 7d 08 	call	0x10fa	; 0x10fa <__floatsisf>
     75e:	69 87       	std	Y+9, r22	; 0x09
     760:	7a 87       	std	Y+10, r23	; 0x0a
     762:	8b 87       	std	Y+11, r24	; 0x0b
     764:	9c 87       	std	Y+12, r25	; 0x0c
     766:	a7 01       	movw	r20, r14
     768:	96 01       	movw	r18, r12
     76a:	0e 94 d5 07 	call	0xfaa	; 0xfaa <__cmpsf2>
     76e:	18 16       	cp	r1, r24
     770:	ac f4       	brge	.+42     	; 0x79c <nokia_lcd_drawline+0x17c>
     772:	62 96       	adiw	r28, 0x12	; 18
     774:	0f b6       	in	r0, 0x3f	; 63
     776:	f8 94       	cli
     778:	de bf       	out	0x3e, r29	; 62
     77a:	0f be       	out	0x3f, r0	; 63
     77c:	cd bf       	out	0x3d, r28	; 61
     77e:	df 91       	pop	r29
     780:	cf 91       	pop	r28
     782:	ff 90       	pop	r15
     784:	ef 90       	pop	r14
     786:	df 90       	pop	r13
     788:	cf 90       	pop	r12
     78a:	bf 90       	pop	r11
     78c:	af 90       	pop	r10
     78e:	9f 90       	pop	r9
     790:	8f 90       	pop	r8
     792:	7f 90       	pop	r7
     794:	6f 90       	pop	r6
     796:	5f 90       	pop	r5
     798:	4f 90       	pop	r4
     79a:	08 95       	ret
     79c:	6d 81       	ldd	r22, Y+5	; 0x05
     79e:	7e 81       	ldd	r23, Y+6	; 0x06
     7a0:	8f 81       	ldd	r24, Y+7	; 0x07
     7a2:	98 85       	ldd	r25, Y+8	; 0x08
     7a4:	0e 94 4c 08 	call	0x1098	; 0x1098 <__fixunssfsi>
     7a8:	69 87       	std	Y+9, r22	; 0x09
     7aa:	7a 87       	std	Y+10, r23	; 0x0a
     7ac:	8b 87       	std	Y+11, r24	; 0x0b
     7ae:	9c 87       	std	Y+12, r25	; 0x0c
     7b0:	69 81       	ldd	r22, Y+1	; 0x01
     7b2:	7a 81       	ldd	r23, Y+2	; 0x02
     7b4:	8b 81       	ldd	r24, Y+3	; 0x03
     7b6:	9c 81       	ldd	r25, Y+4	; 0x04
     7b8:	0e 94 4c 08 	call	0x1098	; 0x1098 <__fixunssfsi>
     7bc:	6d 87       	std	Y+13, r22	; 0x0d
     7be:	7e 87       	std	Y+14, r23	; 0x0e
     7c0:	8f 87       	std	Y+15, r24	; 0x0f
     7c2:	98 8b       	std	Y+16, r25	; 0x10
     7c4:	41 e0       	ldi	r20, 0x01	; 1
     7c6:	69 85       	ldd	r22, Y+9	; 0x09
     7c8:	8d 85       	ldd	r24, Y+13	; 0x0d
     7ca:	0e 94 28 02 	call	0x450	; 0x450 <nokia_lcd_set_pixel>
     7ce:	a5 01       	movw	r20, r10
     7d0:	94 01       	movw	r18, r8
     7d2:	69 81       	ldd	r22, Y+1	; 0x01
     7d4:	7a 81       	ldd	r23, Y+2	; 0x02
     7d6:	8b 81       	ldd	r24, Y+3	; 0x03
     7d8:	9c 81       	ldd	r25, Y+4	; 0x04
     7da:	0e 94 69 07 	call	0xed2	; 0xed2 <__addsf3>
     7de:	69 83       	std	Y+1, r22	; 0x01
     7e0:	7a 83       	std	Y+2, r23	; 0x02
     7e2:	8b 83       	std	Y+3, r24	; 0x03
     7e4:	9c 83       	std	Y+4, r25	; 0x04
     7e6:	a3 01       	movw	r20, r6
     7e8:	92 01       	movw	r18, r4
     7ea:	6d 81       	ldd	r22, Y+5	; 0x05
     7ec:	7e 81       	ldd	r23, Y+6	; 0x06
     7ee:	8f 81       	ldd	r24, Y+7	; 0x07
     7f0:	98 85       	ldd	r25, Y+8	; 0x08
     7f2:	0e 94 69 07 	call	0xed2	; 0xed2 <__addsf3>
     7f6:	6d 83       	std	Y+5, r22	; 0x05
     7f8:	7e 83       	std	Y+6, r23	; 0x06
     7fa:	8f 83       	std	Y+7, r24	; 0x07
     7fc:	98 87       	std	Y+8, r25	; 0x08
     7fe:	89 89       	ldd	r24, Y+17	; 0x11
     800:	9a 89       	ldd	r25, Y+18	; 0x12
     802:	01 96       	adiw	r24, 0x01	; 1
     804:	9a 8b       	std	Y+18, r25	; 0x12
     806:	89 8b       	std	Y+17, r24	; 0x11
     808:	9c cf       	rjmp	.-200    	; 0x742 <nokia_lcd_drawline+0x122>

0000080a <nokia_lcd_drawrect>:
     80a:	0f 93       	push	r16
     80c:	1f 93       	push	r17
     80e:	cf 93       	push	r28
     810:	df 93       	push	r29
     812:	c8 2f       	mov	r28, r24
     814:	16 2f       	mov	r17, r22
     816:	04 2f       	mov	r16, r20
     818:	d2 2f       	mov	r29, r18
     81a:	26 2f       	mov	r18, r22
     81c:	0e 94 10 03 	call	0x620	; 0x620 <nokia_lcd_drawline>
     820:	2d 2f       	mov	r18, r29
     822:	40 2f       	mov	r20, r16
     824:	61 2f       	mov	r22, r17
     826:	80 2f       	mov	r24, r16
     828:	0e 94 10 03 	call	0x620	; 0x620 <nokia_lcd_drawline>
     82c:	2d 2f       	mov	r18, r29
     82e:	4c 2f       	mov	r20, r28
     830:	6d 2f       	mov	r22, r29
     832:	80 2f       	mov	r24, r16
     834:	0e 94 10 03 	call	0x620	; 0x620 <nokia_lcd_drawline>
     838:	21 2f       	mov	r18, r17
     83a:	4c 2f       	mov	r20, r28
     83c:	6d 2f       	mov	r22, r29
     83e:	8c 2f       	mov	r24, r28
     840:	df 91       	pop	r29
     842:	cf 91       	pop	r28
     844:	1f 91       	pop	r17
     846:	0f 91       	pop	r16
     848:	0c 94 10 03 	jmp	0x620	; 0x620 <nokia_lcd_drawline>

0000084c <nokia_lcd_drawcircle>:
     84c:	7f 92       	push	r7
     84e:	8f 92       	push	r8
     850:	9f 92       	push	r9
     852:	af 92       	push	r10
     854:	bf 92       	push	r11
     856:	cf 92       	push	r12
     858:	df 92       	push	r13
     85a:	ef 92       	push	r14
     85c:	ff 92       	push	r15
     85e:	0f 93       	push	r16
     860:	1f 93       	push	r17
     862:	cf 93       	push	r28
     864:	df 93       	push	r29
     866:	d8 2e       	mov	r13, r24
     868:	c6 2e       	mov	r12, r22
     86a:	c4 2f       	mov	r28, r20
     86c:	d0 e0       	ldi	r29, 0x00	; 0
     86e:	f1 2c       	mov	r15, r1
     870:	e1 2c       	mov	r14, r1
     872:	10 e0       	ldi	r17, 0x00	; 0
     874:	00 e0       	ldi	r16, 0x00	; 0
     876:	41 e0       	ldi	r20, 0x01	; 1
     878:	ac 2c       	mov	r10, r12
     87a:	a0 0e       	add	r10, r16
     87c:	6a 2d       	mov	r22, r10
     87e:	bc 2e       	mov	r11, r28
     880:	bd 0c       	add	r11, r13
     882:	8b 2d       	mov	r24, r11
     884:	0e 94 28 02 	call	0x450	; 0x450 <nokia_lcd_set_pixel>
     888:	41 e0       	ldi	r20, 0x01	; 1
     88a:	8c 2e       	mov	r8, r28
     88c:	8c 0c       	add	r8, r12
     88e:	68 2d       	mov	r22, r8
     890:	9d 2c       	mov	r9, r13
     892:	90 0e       	add	r9, r16
     894:	89 2d       	mov	r24, r9
     896:	0e 94 28 02 	call	0x450	; 0x450 <nokia_lcd_set_pixel>
     89a:	41 e0       	ldi	r20, 0x01	; 1
     89c:	68 2d       	mov	r22, r8
     89e:	7d 2c       	mov	r7, r13
     8a0:	70 1a       	sub	r7, r16
     8a2:	87 2d       	mov	r24, r7
     8a4:	0e 94 28 02 	call	0x450	; 0x450 <nokia_lcd_set_pixel>
     8a8:	41 e0       	ldi	r20, 0x01	; 1
     8aa:	6a 2d       	mov	r22, r10
     8ac:	8d 2c       	mov	r8, r13
     8ae:	8c 1a       	sub	r8, r28
     8b0:	88 2d       	mov	r24, r8
     8b2:	0e 94 28 02 	call	0x450	; 0x450 <nokia_lcd_set_pixel>
     8b6:	41 e0       	ldi	r20, 0x01	; 1
     8b8:	ac 2c       	mov	r10, r12
     8ba:	a0 1a       	sub	r10, r16
     8bc:	6a 2d       	mov	r22, r10
     8be:	88 2d       	mov	r24, r8
     8c0:	0e 94 28 02 	call	0x450	; 0x450 <nokia_lcd_set_pixel>
     8c4:	41 e0       	ldi	r20, 0x01	; 1
     8c6:	8c 2c       	mov	r8, r12
     8c8:	8c 1a       	sub	r8, r28
     8ca:	68 2d       	mov	r22, r8
     8cc:	87 2d       	mov	r24, r7
     8ce:	0e 94 28 02 	call	0x450	; 0x450 <nokia_lcd_set_pixel>
     8d2:	41 e0       	ldi	r20, 0x01	; 1
     8d4:	68 2d       	mov	r22, r8
     8d6:	89 2d       	mov	r24, r9
     8d8:	0e 94 28 02 	call	0x450	; 0x450 <nokia_lcd_set_pixel>
     8dc:	41 e0       	ldi	r20, 0x01	; 1
     8de:	6a 2d       	mov	r22, r10
     8e0:	8b 2d       	mov	r24, r11
     8e2:	0e 94 28 02 	call	0x450	; 0x450 <nokia_lcd_set_pixel>
     8e6:	1e 14       	cp	r1, r14
     8e8:	1f 04       	cpc	r1, r15
     8ea:	5c f0       	brlt	.+22     	; 0x902 <__stack+0x3>
     8ec:	0f 5f       	subi	r16, 0xFF	; 255
     8ee:	1f 4f       	sbci	r17, 0xFF	; 255
     8f0:	c8 01       	movw	r24, r16
     8f2:	88 0f       	add	r24, r24
     8f4:	99 1f       	adc	r25, r25
     8f6:	01 96       	adiw	r24, 0x01	; 1
     8f8:	e8 0e       	add	r14, r24
     8fa:	f9 1e       	adc	r15, r25
     8fc:	1e 14       	cp	r1, r14
     8fe:	1f 04       	cpc	r1, r15
     900:	3c f4       	brge	.+14     	; 0x910 <__stack+0x11>
     902:	21 97       	sbiw	r28, 0x01	; 1
     904:	ce 01       	movw	r24, r28
     906:	88 0f       	add	r24, r24
     908:	99 1f       	adc	r25, r25
     90a:	01 96       	adiw	r24, 0x01	; 1
     90c:	e8 1a       	sub	r14, r24
     90e:	f9 0a       	sbc	r15, r25
     910:	c0 17       	cp	r28, r16
     912:	d1 07       	cpc	r29, r17
     914:	0c f0       	brlt	.+2      	; 0x918 <__stack+0x19>
     916:	af cf       	rjmp	.-162    	; 0x876 <nokia_lcd_drawcircle+0x2a>
     918:	df 91       	pop	r29
     91a:	cf 91       	pop	r28
     91c:	1f 91       	pop	r17
     91e:	0f 91       	pop	r16
     920:	ff 90       	pop	r15
     922:	ef 90       	pop	r14
     924:	df 90       	pop	r13
     926:	cf 90       	pop	r12
     928:	bf 90       	pop	r11
     92a:	af 90       	pop	r10
     92c:	9f 90       	pop	r9
     92e:	8f 90       	pop	r8
     930:	7f 90       	pop	r7
     932:	08 95       	ret

00000934 <USART_Init>:
     934:	10 92 c5 00 	sts	0x00C5, r1	; 0x8000c5 <__TEXT_REGION_LENGTH__+0x7e00c5>
     938:	80 e1       	ldi	r24, 0x10	; 16
     93a:	80 93 c4 00 	sts	0x00C4, r24	; 0x8000c4 <__TEXT_REGION_LENGTH__+0x7e00c4>
     93e:	86 e0       	ldi	r24, 0x06	; 6
     940:	80 93 c2 00 	sts	0x00C2, r24	; 0x8000c2 <__TEXT_REGION_LENGTH__+0x7e00c2>
     944:	88 e1       	ldi	r24, 0x18	; 24
     946:	80 93 c1 00 	sts	0x00C1, r24	; 0x8000c1 <__TEXT_REGION_LENGTH__+0x7e00c1>
     94a:	08 95       	ret

0000094c <USART_SendByte>:
     94c:	90 91 c0 00 	lds	r25, 0x00C0	; 0x8000c0 <__TEXT_REGION_LENGTH__+0x7e00c0>
     950:	95 ff       	sbrs	r25, 5
     952:	fc cf       	rjmp	.-8      	; 0x94c <USART_SendByte>
     954:	80 93 c6 00 	sts	0x00C6, r24	; 0x8000c6 <__TEXT_REGION_LENGTH__+0x7e00c6>
     958:	08 95       	ret

0000095a <USART_ReceiveByte>:
     95a:	80 91 c0 00 	lds	r24, 0x00C0	; 0x8000c0 <__TEXT_REGION_LENGTH__+0x7e00c0>
     95e:	87 ff       	sbrs	r24, 7
     960:	fc cf       	rjmp	.-8      	; 0x95a <USART_ReceiveByte>
     962:	80 91 c6 00 	lds	r24, 0x00C6	; 0x8000c6 <__TEXT_REGION_LENGTH__+0x7e00c6>
     966:	08 95       	ret

00000968 <USART_puts>:
     968:	cf 93       	push	r28
     96a:	df 93       	push	r29
     96c:	ec 01       	movw	r28, r24
     96e:	89 91       	ld	r24, Y+
     970:	81 11       	cpse	r24, r1
     972:	05 c0       	rjmp	.+10     	; 0x97e <USART_puts+0x16>
     974:	8a e0       	ldi	r24, 0x0A	; 10
     976:	df 91       	pop	r29
     978:	cf 91       	pop	r28
     97a:	0c 94 a6 04 	jmp	0x94c	; 0x94c <USART_SendByte>
     97e:	0e 94 a6 04 	call	0x94c	; 0x94c <USART_SendByte>
     982:	f5 cf       	rjmp	.-22     	; 0x96e <USART_puts+0x6>

00000984 <adc_init>:
     984:	ea e7       	ldi	r30, 0x7A	; 122
     986:	f0 e0       	ldi	r31, 0x00	; 0
     988:	80 e8       	ldi	r24, 0x80	; 128
     98a:	80 83       	st	Z, r24
     98c:	ac e7       	ldi	r26, 0x7C	; 124
     98e:	b0 e0       	ldi	r27, 0x00	; 0
     990:	8c 91       	ld	r24, X
     992:	80 64       	ori	r24, 0x40	; 64
     994:	8c 93       	st	X, r24
     996:	80 81       	ld	r24, Z
     998:	87 60       	ori	r24, 0x07	; 7
     99a:	80 83       	st	Z, r24
     99c:	08 95       	ret

0000099e <adc_set_channel>:
     99e:	ec e7       	ldi	r30, 0x7C	; 124
     9a0:	f0 e0       	ldi	r31, 0x00	; 0
     9a2:	90 81       	ld	r25, Z
     9a4:	90 7f       	andi	r25, 0xF0	; 240
     9a6:	90 83       	st	Z, r25
     9a8:	90 81       	ld	r25, Z
     9aa:	98 2b       	or	r25, r24
     9ac:	90 83       	st	Z, r25
     9ae:	8f ea       	ldi	r24, 0xAF	; 175
     9b0:	94 e0       	ldi	r25, 0x04	; 4
     9b2:	01 97       	sbiw	r24, 0x01	; 1
     9b4:	f1 f7       	brne	.-4      	; 0x9b2 <adc_set_channel+0x14>
     9b6:	00 c0       	rjmp	.+0      	; 0x9b8 <adc_set_channel+0x1a>
     9b8:	00 00       	nop
     9ba:	08 95       	ret

000009bc <adc_read>:
     9bc:	80 91 7a 00 	lds	r24, 0x007A	; 0x80007a <__TEXT_REGION_LENGTH__+0x7e007a>
     9c0:	80 64       	ori	r24, 0x40	; 64
     9c2:	80 93 7a 00 	sts	0x007A, r24	; 0x80007a <__TEXT_REGION_LENGTH__+0x7e007a>
     9c6:	80 91 7a 00 	lds	r24, 0x007A	; 0x80007a <__TEXT_REGION_LENGTH__+0x7e007a>
     9ca:	86 ff       	sbrs	r24, 6
     9cc:	fc cf       	rjmp	.-8      	; 0x9c6 <adc_read+0xa>
     9ce:	80 91 7a 00 	lds	r24, 0x007A	; 0x80007a <__TEXT_REGION_LENGTH__+0x7e007a>
     9d2:	80 61       	ori	r24, 0x10	; 16
     9d4:	80 93 7a 00 	sts	0x007A, r24	; 0x80007a <__TEXT_REGION_LENGTH__+0x7e007a>
     9d8:	80 91 78 00 	lds	r24, 0x0078	; 0x800078 <__TEXT_REGION_LENGTH__+0x7e0078>
     9dc:	90 91 79 00 	lds	r25, 0x0079	; 0x800079 <__TEXT_REGION_LENGTH__+0x7e0079>
     9e0:	08 95       	ret

000009e2 <printint>:
     9e2:	8f 92       	push	r8
     9e4:	9f 92       	push	r9
     9e6:	af 92       	push	r10
     9e8:	bf 92       	push	r11
     9ea:	df 92       	push	r13
     9ec:	ef 92       	push	r14
     9ee:	ff 92       	push	r15
     9f0:	0f 93       	push	r16
     9f2:	1f 93       	push	r17
     9f4:	cf 93       	push	r28
     9f6:	df 93       	push	r29
     9f8:	cd b7       	in	r28, 0x3d	; 61
     9fa:	de b7       	in	r29, 0x3e	; 62
     9fc:	a2 97       	sbiw	r28, 0x22	; 34
     9fe:	0f b6       	in	r0, 0x3f	; 63
     a00:	f8 94       	cli
     a02:	de bf       	out	0x3e, r29	; 62
     a04:	0f be       	out	0x3f, r0	; 63
     a06:	cd bf       	out	0x3d, r28	; 61
     a08:	6f 8f       	std	Y+31, r22	; 0x1f
     a0a:	78 a3       	std	Y+32, r23	; 0x20
     a0c:	89 a3       	std	Y+33, r24	; 0x21
     a0e:	9a a3       	std	Y+34, r25	; 0x22
     a10:	dc 01       	movw	r26, r24
     a12:	cb 01       	movw	r24, r22
     a14:	b7 fd       	sbrc	r27, 7
     a16:	46 c0       	rjmp	.+140    	; 0xaa4 <printint+0xc2>
     a18:	8e 01       	movw	r16, r28
     a1a:	0f 5f       	subi	r16, 0xFF	; 255
     a1c:	1f 4f       	sbci	r17, 0xFF	; 255
     a1e:	78 01       	movw	r14, r16
     a20:	2a e0       	ldi	r18, 0x0A	; 10
     a22:	82 2e       	mov	r8, r18
     a24:	91 2c       	mov	r9, r1
     a26:	a1 2c       	mov	r10, r1
     a28:	b1 2c       	mov	r11, r1
     a2a:	6f 8d       	ldd	r22, Y+31	; 0x1f
     a2c:	78 a1       	ldd	r23, Y+32	; 0x20
     a2e:	89 a1       	ldd	r24, Y+33	; 0x21
     a30:	9a a1       	ldd	r25, Y+34	; 0x22
     a32:	a5 01       	movw	r20, r10
     a34:	94 01       	movw	r18, r8
     a36:	0e 94 13 07 	call	0xe26	; 0xe26 <__divmodsi4>
     a3a:	6f 8f       	std	Y+31, r22	; 0x1f
     a3c:	78 a3       	std	Y+32, r23	; 0x20
     a3e:	89 a3       	std	Y+33, r24	; 0x21
     a40:	9a a3       	std	Y+34, r25	; 0x22
     a42:	f8 01       	movw	r30, r16
     a44:	0f 5f       	subi	r16, 0xFF	; 255
     a46:	1f 4f       	sbci	r17, 0xFF	; 255
     a48:	8f 8d       	ldd	r24, Y+31	; 0x1f
     a4a:	80 5d       	subi	r24, 0xD0	; 208
     a4c:	80 83       	st	Z, r24
     a4e:	2f 8f       	std	Y+31, r18	; 0x1f
     a50:	38 a3       	std	Y+32, r19	; 0x20
     a52:	49 a3       	std	Y+33, r20	; 0x21
     a54:	5a a3       	std	Y+34, r21	; 0x22
     a56:	23 2b       	or	r18, r19
     a58:	24 2b       	or	r18, r20
     a5a:	25 2b       	or	r18, r21
     a5c:	31 f7       	brne	.-52     	; 0xa2a <printint+0x48>
     a5e:	d8 01       	movw	r26, r16
     a60:	1c 92       	st	X, r1
     a62:	f7 01       	movw	r30, r14
     a64:	01 50       	subi	r16, 0x01	; 1
     a66:	11 09       	sbc	r17, r1
     a68:	0e 17       	cp	r16, r30
     a6a:	1f 07       	cpc	r17, r31
     a6c:	08 f0       	brcs	.+2      	; 0xa70 <printint+0x8e>
     a6e:	43 c0       	rjmp	.+134    	; 0xaf6 <printint+0x114>
     a70:	8e 01       	movw	r16, r28
     a72:	0f 5f       	subi	r16, 0xFF	; 255
     a74:	1f 4f       	sbci	r17, 0xFF	; 255
     a76:	f8 01       	movw	r30, r16
     a78:	81 91       	ld	r24, Z+
     a7a:	8f 01       	movw	r16, r30
     a7c:	81 11       	cpse	r24, r1
     a7e:	44 c0       	rjmp	.+136    	; 0xb08 <printint+0x126>
     a80:	a2 96       	adiw	r28, 0x22	; 34
     a82:	0f b6       	in	r0, 0x3f	; 63
     a84:	f8 94       	cli
     a86:	de bf       	out	0x3e, r29	; 62
     a88:	0f be       	out	0x3f, r0	; 63
     a8a:	cd bf       	out	0x3d, r28	; 61
     a8c:	df 91       	pop	r29
     a8e:	cf 91       	pop	r28
     a90:	1f 91       	pop	r17
     a92:	0f 91       	pop	r16
     a94:	ff 90       	pop	r15
     a96:	ef 90       	pop	r14
     a98:	df 90       	pop	r13
     a9a:	bf 90       	pop	r11
     a9c:	af 90       	pop	r10
     a9e:	9f 90       	pop	r9
     aa0:	8f 90       	pop	r8
     aa2:	08 95       	ret
     aa4:	8d e2       	ldi	r24, 0x2D	; 45
     aa6:	89 83       	std	Y+1, r24	; 0x01
     aa8:	8e 01       	movw	r16, r28
     aaa:	0e 5f       	subi	r16, 0xFE	; 254
     aac:	1f 4f       	sbci	r17, 0xFF	; 255
     aae:	78 01       	movw	r14, r16
     ab0:	8a e0       	ldi	r24, 0x0A	; 10
     ab2:	88 2e       	mov	r8, r24
     ab4:	91 2c       	mov	r9, r1
     ab6:	a1 2c       	mov	r10, r1
     ab8:	b1 2c       	mov	r11, r1
     aba:	90 e3       	ldi	r25, 0x30	; 48
     abc:	d9 2e       	mov	r13, r25
     abe:	6f 8d       	ldd	r22, Y+31	; 0x1f
     ac0:	78 a1       	ldd	r23, Y+32	; 0x20
     ac2:	89 a1       	ldd	r24, Y+33	; 0x21
     ac4:	9a a1       	ldd	r25, Y+34	; 0x22
     ac6:	a5 01       	movw	r20, r10
     ac8:	94 01       	movw	r18, r8
     aca:	0e 94 13 07 	call	0xe26	; 0xe26 <__divmodsi4>
     ace:	6f 8f       	std	Y+31, r22	; 0x1f
     ad0:	78 a3       	std	Y+32, r23	; 0x20
     ad2:	89 a3       	std	Y+33, r24	; 0x21
     ad4:	9a a3       	std	Y+34, r25	; 0x22
     ad6:	f8 01       	movw	r30, r16
     ad8:	0f 5f       	subi	r16, 0xFF	; 255
     ada:	1f 4f       	sbci	r17, 0xFF	; 255
     adc:	8d 2d       	mov	r24, r13
     ade:	9f 8d       	ldd	r25, Y+31	; 0x1f
     ae0:	89 1b       	sub	r24, r25
     ae2:	80 83       	st	Z, r24
     ae4:	2f 8f       	std	Y+31, r18	; 0x1f
     ae6:	38 a3       	std	Y+32, r19	; 0x20
     ae8:	49 a3       	std	Y+33, r20	; 0x21
     aea:	5a a3       	std	Y+34, r21	; 0x22
     aec:	23 2b       	or	r18, r19
     aee:	24 2b       	or	r18, r20
     af0:	25 2b       	or	r18, r21
     af2:	29 f7       	brne	.-54     	; 0xabe <printint+0xdc>
     af4:	b4 cf       	rjmp	.-152    	; 0xa5e <printint+0x7c>
     af6:	81 91       	ld	r24, Z+
     af8:	d8 01       	movw	r26, r16
     afa:	9c 91       	ld	r25, X
     afc:	df 01       	movw	r26, r30
     afe:	11 97       	sbiw	r26, 0x01	; 1
     b00:	9c 93       	st	X, r25
     b02:	d8 01       	movw	r26, r16
     b04:	8c 93       	st	X, r24
     b06:	ae cf       	rjmp	.-164    	; 0xa64 <printint+0x82>
     b08:	0e 94 a6 04 	call	0x94c	; 0x94c <USART_SendByte>
     b0c:	b4 cf       	rjmp	.-152    	; 0xa76 <printint+0x94>

00000b0e <printhex>:
     b0e:	6f 92       	push	r6
     b10:	7f 92       	push	r7
     b12:	8f 92       	push	r8
     b14:	9f 92       	push	r9
     b16:	af 92       	push	r10
     b18:	bf 92       	push	r11
     b1a:	cf 92       	push	r12
     b1c:	df 92       	push	r13
     b1e:	ef 92       	push	r14
     b20:	ff 92       	push	r15
     b22:	0f 93       	push	r16
     b24:	1f 93       	push	r17
     b26:	cf 93       	push	r28
     b28:	df 93       	push	r29
     b2a:	cd b7       	in	r28, 0x3d	; 61
     b2c:	de b7       	in	r29, 0x3e	; 62
     b2e:	a2 97       	sbiw	r28, 0x22	; 34
     b30:	0f b6       	in	r0, 0x3f	; 63
     b32:	f8 94       	cli
     b34:	de bf       	out	0x3e, r29	; 62
     b36:	0f be       	out	0x3f, r0	; 63
     b38:	cd bf       	out	0x3d, r28	; 61
     b3a:	6f 8f       	std	Y+31, r22	; 0x1f
     b3c:	78 a3       	std	Y+32, r23	; 0x20
     b3e:	89 a3       	std	Y+33, r24	; 0x21
     b40:	9a a3       	std	Y+34, r25	; 0x22
     b42:	4b 01       	movw	r8, r22
     b44:	5c 01       	movw	r10, r24
     b46:	bc 01       	movw	r22, r24
     b48:	a4 01       	movw	r20, r8
     b4a:	fe 01       	movw	r30, r28
     b4c:	31 96       	adiw	r30, 0x01	; 1
     b4e:	3f 01       	movw	r6, r30
     b50:	9f 01       	movw	r18, r30
     b52:	31 96       	adiw	r30, 0x01	; 1
     b54:	6a 01       	movw	r12, r20
     b56:	7b 01       	movw	r14, r22
     b58:	1f e0       	ldi	r17, 0x0F	; 15
     b5a:	c1 22       	and	r12, r17
     b5c:	dd 24       	eor	r13, r13
     b5e:	ee 24       	eor	r14, r14
     b60:	ff 24       	eor	r15, r15
     b62:	80 e3       	ldi	r24, 0x30	; 48
     b64:	c8 0e       	add	r12, r24
     b66:	d9 01       	movw	r26, r18
     b68:	cc 92       	st	X, r12
     b6a:	6a 01       	movw	r12, r20
     b6c:	7b 01       	movw	r14, r22
     b6e:	94 e0       	ldi	r25, 0x04	; 4
     b70:	76 95       	lsr	r23
     b72:	67 95       	ror	r22
     b74:	57 95       	ror	r21
     b76:	47 95       	ror	r20
     b78:	9a 95       	dec	r25
     b7a:	d1 f7       	brne	.-12     	; 0xb70 <printhex+0x62>
     b7c:	b0 e1       	ldi	r27, 0x10	; 16
     b7e:	cb 16       	cp	r12, r27
     b80:	d1 04       	cpc	r13, r1
     b82:	e1 04       	cpc	r14, r1
     b84:	f1 04       	cpc	r15, r1
     b86:	20 f7       	brcc	.-56     	; 0xb50 <printhex+0x42>
     b88:	10 e1       	ldi	r17, 0x10	; 16
     b8a:	81 16       	cp	r8, r17
     b8c:	91 04       	cpc	r9, r1
     b8e:	a1 04       	cpc	r10, r1
     b90:	b1 04       	cpc	r11, r1
     b92:	10 f4       	brcc	.+4      	; 0xb98 <printhex+0x8a>
     b94:	80 83       	st	Z, r24
     b96:	31 96       	adiw	r30, 0x01	; 1
     b98:	10 82       	st	Z, r1
     b9a:	83 01       	movw	r16, r6
     b9c:	d3 01       	movw	r26, r6
     b9e:	31 97       	sbiw	r30, 0x01	; 1
     ba0:	ea 17       	cp	r30, r26
     ba2:	fb 07       	cpc	r31, r27
     ba4:	d0 f4       	brcc	.+52     	; 0xbda <printhex+0xcc>
     ba6:	d8 01       	movw	r26, r16
     ba8:	8d 91       	ld	r24, X+
     baa:	8d 01       	movw	r16, r26
     bac:	81 11       	cpse	r24, r1
     bae:	20 c0       	rjmp	.+64     	; 0xbf0 <printhex+0xe2>
     bb0:	a2 96       	adiw	r28, 0x22	; 34
     bb2:	0f b6       	in	r0, 0x3f	; 63
     bb4:	f8 94       	cli
     bb6:	de bf       	out	0x3e, r29	; 62
     bb8:	0f be       	out	0x3f, r0	; 63
     bba:	cd bf       	out	0x3d, r28	; 61
     bbc:	df 91       	pop	r29
     bbe:	cf 91       	pop	r28
     bc0:	1f 91       	pop	r17
     bc2:	0f 91       	pop	r16
     bc4:	ff 90       	pop	r15
     bc6:	ef 90       	pop	r14
     bc8:	df 90       	pop	r13
     bca:	cf 90       	pop	r12
     bcc:	bf 90       	pop	r11
     bce:	af 90       	pop	r10
     bd0:	9f 90       	pop	r9
     bd2:	8f 90       	pop	r8
     bd4:	7f 90       	pop	r7
     bd6:	6f 90       	pop	r6
     bd8:	08 95       	ret
     bda:	8c 91       	ld	r24, X
     bdc:	8a 33       	cpi	r24, 0x3A	; 58
     bde:	0c f0       	brlt	.+2      	; 0xbe2 <printhex+0xd4>
     be0:	89 5d       	subi	r24, 0xD9	; 217
     be2:	90 81       	ld	r25, Z
     be4:	9a 33       	cpi	r25, 0x3A	; 58
     be6:	0c f0       	brlt	.+2      	; 0xbea <printhex+0xdc>
     be8:	99 5d       	subi	r25, 0xD9	; 217
     bea:	9d 93       	st	X+, r25
     bec:	80 83       	st	Z, r24
     bee:	d7 cf       	rjmp	.-82     	; 0xb9e <printhex+0x90>
     bf0:	0e 94 a6 04 	call	0x94c	; 0x94c <USART_SendByte>
     bf4:	d8 cf       	rjmp	.-80     	; 0xba6 <printhex+0x98>

00000bf6 <print>:
     bf6:	cf 93       	push	r28
     bf8:	df 93       	push	r29
     bfa:	ec 01       	movw	r28, r24
     bfc:	89 91       	ld	r24, Y+
     bfe:	81 11       	cpse	r24, r1
     c00:	03 c0       	rjmp	.+6      	; 0xc08 <print+0x12>
     c02:	df 91       	pop	r29
     c04:	cf 91       	pop	r28
     c06:	08 95       	ret
     c08:	0e 94 a6 04 	call	0x94c	; 0x94c <USART_SendByte>
     c0c:	f7 cf       	rjmp	.-18     	; 0xbfc <print+0x6>

00000c0e <printfloat>:
     c0e:	cf 93       	push	r28
     c10:	df 93       	push	r29
     c12:	cd b7       	in	r28, 0x3d	; 61
     c14:	de b7       	in	r29, 0x3e	; 62
     c16:	28 97       	sbiw	r28, 0x08	; 8
     c18:	0f b6       	in	r0, 0x3f	; 63
     c1a:	f8 94       	cli
     c1c:	de bf       	out	0x3e, r29	; 62
     c1e:	0f be       	out	0x3f, r0	; 63
     c20:	cd bf       	out	0x3d, r28	; 61
     c22:	69 83       	std	Y+1, r22	; 0x01
     c24:	7a 83       	std	Y+2, r23	; 0x02
     c26:	8b 83       	std	Y+3, r24	; 0x03
     c28:	9c 83       	std	Y+4, r25	; 0x04
     c2a:	0e 94 4c 08 	call	0x1098	; 0x1098 <__fixunssfsi>
     c2e:	6d 83       	std	Y+5, r22	; 0x05
     c30:	7e 83       	std	Y+6, r23	; 0x06
     c32:	8f 83       	std	Y+7, r24	; 0x07
     c34:	98 87       	std	Y+8, r25	; 0x08
     c36:	0e 94 f1 04 	call	0x9e2	; 0x9e2 <printint>
     c3a:	8b e3       	ldi	r24, 0x3B	; 59
     c3c:	91 e0       	ldi	r25, 0x01	; 1
     c3e:	0e 94 fb 05 	call	0xbf6	; 0xbf6 <print>
     c42:	6d 81       	ldd	r22, Y+5	; 0x05
     c44:	7e 81       	ldd	r23, Y+6	; 0x06
     c46:	8f 81       	ldd	r24, Y+7	; 0x07
     c48:	98 85       	ldd	r25, Y+8	; 0x08
     c4a:	0e 94 7b 08 	call	0x10f6	; 0x10f6 <__floatunsisf>
     c4e:	6d 83       	std	Y+5, r22	; 0x05
     c50:	7e 83       	std	Y+6, r23	; 0x06
     c52:	8f 83       	std	Y+7, r24	; 0x07
     c54:	98 87       	std	Y+8, r25	; 0x08
     c56:	9b 01       	movw	r18, r22
     c58:	ac 01       	movw	r20, r24
     c5a:	69 81       	ldd	r22, Y+1	; 0x01
     c5c:	7a 81       	ldd	r23, Y+2	; 0x02
     c5e:	8b 81       	ldd	r24, Y+3	; 0x03
     c60:	9c 81       	ldd	r25, Y+4	; 0x04
     c62:	0e 94 68 07 	call	0xed0	; 0xed0 <__subsf3>
     c66:	69 83       	std	Y+1, r22	; 0x01
     c68:	7a 83       	std	Y+2, r23	; 0x02
     c6a:	8b 83       	std	Y+3, r24	; 0x03
     c6c:	9c 83       	std	Y+4, r25	; 0x04
     c6e:	20 e0       	ldi	r18, 0x00	; 0
     c70:	30 e0       	ldi	r19, 0x00	; 0
     c72:	4a e7       	ldi	r20, 0x7A	; 122
     c74:	54 e4       	ldi	r21, 0x44	; 68
     c76:	0e 94 32 09 	call	0x1264	; 0x1264 <__mulsf3>
     c7a:	69 83       	std	Y+1, r22	; 0x01
     c7c:	7a 83       	std	Y+2, r23	; 0x02
     c7e:	8b 83       	std	Y+3, r24	; 0x03
     c80:	9c 83       	std	Y+4, r25	; 0x04
     c82:	0e 94 4c 08 	call	0x1098	; 0x1098 <__fixunssfsi>
     c86:	69 83       	std	Y+1, r22	; 0x01
     c88:	7a 83       	std	Y+2, r23	; 0x02
     c8a:	8b 83       	std	Y+3, r24	; 0x03
     c8c:	9c 83       	std	Y+4, r25	; 0x04
     c8e:	dc 01       	movw	r26, r24
     c90:	cb 01       	movw	r24, r22
     c92:	84 36       	cpi	r24, 0x64	; 100
     c94:	91 05       	cpc	r25, r1
     c96:	a1 05       	cpc	r26, r1
     c98:	b1 05       	cpc	r27, r1
     c9a:	80 f4       	brcc	.+32     	; 0xcbc <printfloat+0xae>
     c9c:	8d e3       	ldi	r24, 0x3D	; 61
     c9e:	91 e0       	ldi	r25, 0x01	; 1
     ca0:	0e 94 fb 05 	call	0xbf6	; 0xbf6 <print>
     ca4:	89 81       	ldd	r24, Y+1	; 0x01
     ca6:	9a 81       	ldd	r25, Y+2	; 0x02
     ca8:	ab 81       	ldd	r26, Y+3	; 0x03
     caa:	bc 81       	ldd	r27, Y+4	; 0x04
     cac:	0a 97       	sbiw	r24, 0x0a	; 10
     cae:	a1 05       	cpc	r26, r1
     cb0:	b1 05       	cpc	r27, r1
     cb2:	20 f4       	brcc	.+8      	; 0xcbc <printfloat+0xae>
     cb4:	8d e3       	ldi	r24, 0x3D	; 61
     cb6:	91 e0       	ldi	r25, 0x01	; 1
     cb8:	0e 94 fb 05 	call	0xbf6	; 0xbf6 <print>
     cbc:	69 81       	ldd	r22, Y+1	; 0x01
     cbe:	7a 81       	ldd	r23, Y+2	; 0x02
     cc0:	8b 81       	ldd	r24, Y+3	; 0x03
     cc2:	9c 81       	ldd	r25, Y+4	; 0x04
     cc4:	28 96       	adiw	r28, 0x08	; 8
     cc6:	0f b6       	in	r0, 0x3f	; 63
     cc8:	f8 94       	cli
     cca:	de bf       	out	0x3e, r29	; 62
     ccc:	0f be       	out	0x3f, r0	; 63
     cce:	cd bf       	out	0x3d, r28	; 61
     cd0:	df 91       	pop	r29
     cd2:	cf 91       	pop	r28
     cd4:	0c 94 f1 04 	jmp	0x9e2	; 0x9e2 <printint>

00000cd8 <time>:
     cd8:	a4 e0       	ldi	r26, 0x04	; 4
     cda:	b0 e0       	ldi	r27, 0x00	; 0
     cdc:	e2 e7       	ldi	r30, 0x72	; 114
     cde:	f6 e0       	ldi	r31, 0x06	; 6
     ce0:	0c 94 43 0a 	jmp	0x1486	; 0x1486 <__prologue_saves__+0x20>
     ce4:	fc 01       	movw	r30, r24
     ce6:	0f b6       	in	r0, 0x3f	; 63
     ce8:	f8 94       	cli
     cea:	80 91 7f 03 	lds	r24, 0x037F	; 0x80037f <__system_time>
     cee:	90 91 80 03 	lds	r25, 0x0380	; 0x800380 <__system_time+0x1>
     cf2:	a0 91 81 03 	lds	r26, 0x0381	; 0x800381 <__system_time+0x2>
     cf6:	b0 91 82 03 	lds	r27, 0x0382	; 0x800382 <__system_time+0x3>
     cfa:	89 83       	std	Y+1, r24	; 0x01
     cfc:	9a 83       	std	Y+2, r25	; 0x02
     cfe:	ab 83       	std	Y+3, r26	; 0x03
     d00:	bc 83       	std	Y+4, r27	; 0x04
     d02:	0f be       	out	0x3f, r0	; 63
     d04:	30 97       	sbiw	r30, 0x00	; 0
     d06:	21 f0       	breq	.+8      	; 0xd10 <time+0x38>
     d08:	80 83       	st	Z, r24
     d0a:	91 83       	std	Z+1, r25	; 0x01
     d0c:	a2 83       	std	Z+2, r26	; 0x02
     d0e:	b3 83       	std	Z+3, r27	; 0x03
     d10:	69 81       	ldd	r22, Y+1	; 0x01
     d12:	7a 81       	ldd	r23, Y+2	; 0x02
     d14:	8b 81       	ldd	r24, Y+3	; 0x03
     d16:	9c 81       	ldd	r25, Y+4	; 0x04
     d18:	24 96       	adiw	r28, 0x04	; 4
     d1a:	e2 e0       	ldi	r30, 0x02	; 2
     d1c:	0c 94 5f 0a 	jmp	0x14be	; 0x14be <__epilogue_restores__+0x20>

00000d20 <main>:
     d20:	00 d0       	rcall	.+0      	; 0xd22 <main+0x2>
     d22:	00 d0       	rcall	.+0      	; 0xd24 <main+0x4>
     d24:	cd b7       	in	r28, 0x3d	; 61
     d26:	de b7       	in	r29, 0x3e	; 62
     d28:	90 e0       	ldi	r25, 0x00	; 0
     d2a:	80 e0       	ldi	r24, 0x00	; 0
     d2c:	0e 94 6c 06 	call	0xcd8	; 0xcd8 <time>
     d30:	69 83       	std	Y+1, r22	; 0x01
     d32:	7a 83       	std	Y+2, r23	; 0x02
     d34:	8b 83       	std	Y+3, r24	; 0x03
     d36:	9c 83       	std	Y+4, r25	; 0x04
     d38:	cb 01       	movw	r24, r22
     d3a:	0e 94 0c 0a 	call	0x1418	; 0x1418 <srand>
     d3e:	0e 94 43 01 	call	0x286	; 0x286 <def_senha>
     d42:	0e 94 c9 01 	call	0x392	; 0x392 <nokia_lcd_init>
     d46:	0e 94 0c 02 	call	0x418	; 0x418 <nokia_lcd_clear>
     d4a:	0e 94 9a 04 	call	0x934	; 0x934 <USART_Init>
     d4e:	0e 94 c2 04 	call	0x984	; 0x984 <adc_init>
     d52:	20 98       	cbi	0x04, 0	; 4
     d54:	f1 2c       	mov	r15, r1
     d56:	e1 2c       	mov	r14, r1
     d58:	01 e0       	ldi	r16, 0x01	; 1
     d5a:	10 e0       	ldi	r17, 0x00	; 0
     d5c:	80 e0       	ldi	r24, 0x00	; 0
     d5e:	0e 94 cf 04 	call	0x99e	; 0x99e <adc_set_channel>
     d62:	0e 94 de 04 	call	0x9bc	; 0x9bc <adc_read>
     d66:	81 e0       	ldi	r24, 0x01	; 1
     d68:	0e 94 cf 04 	call	0x99e	; 0x99e <adc_set_channel>
     d6c:	0e 94 de 04 	call	0x9bc	; 0x9bc <adc_read>
     d70:	83 b1       	in	r24, 0x03	; 3
     d72:	81 70       	andi	r24, 0x01	; 1
     d74:	89 83       	std	Y+1, r24	; 0x01
     d76:	01 15       	cp	r16, r1
     d78:	11 05       	cpc	r17, r1
     d7a:	91 f0       	breq	.+36     	; 0xda0 <main+0x80>
     d7c:	0e 94 0c 02 	call	0x418	; 0x418 <nokia_lcd_clear>
     d80:	61 e0       	ldi	r22, 0x01	; 1
     d82:	8e e0       	ldi	r24, 0x0E	; 14
     d84:	91 e0       	ldi	r25, 0x01	; 1
     d86:	0e 94 e6 02 	call	0x5cc	; 0x5cc <nokia_lcd_write_string>
     d8a:	68 e1       	ldi	r22, 0x18	; 24
     d8c:	80 e0       	ldi	r24, 0x00	; 0
     d8e:	0e 94 f6 02 	call	0x5ec	; 0x5ec <nokia_lcd_set_cursor>
     d92:	61 e0       	ldi	r22, 0x01	; 1
     d94:	8b e2       	ldi	r24, 0x2B	; 43
     d96:	91 e0       	ldi	r25, 0x01	; 1
     d98:	0e 94 e6 02 	call	0x5cc	; 0x5cc <nokia_lcd_write_string>
     d9c:	0e 94 fb 02 	call	0x5f6	; 0x5f6 <nokia_lcd_render>
     da0:	89 81       	ldd	r24, Y+1	; 0x01
     da2:	88 23       	and	r24, r24
     da4:	d9 f0       	breq	.+54     	; 0xddc <main+0xbc>
     da6:	89 e3       	ldi	r24, 0x39	; 57
     da8:	91 e0       	ldi	r25, 0x01	; 1
     daa:	0e 94 fb 05 	call	0xbf6	; 0xbf6 <print>
     dae:	10 e0       	ldi	r17, 0x00	; 0
     db0:	00 e0       	ldi	r16, 0x00	; 0
     db2:	0e 94 0c 02 	call	0x418	; 0x418 <nokia_lcd_clear>
     db6:	62 e0       	ldi	r22, 0x02	; 2
     db8:	80 e0       	ldi	r24, 0x00	; 0
     dba:	0e 94 f6 02 	call	0x5ec	; 0x5ec <nokia_lcd_set_cursor>
     dbe:	62 e0       	ldi	r22, 0x02	; 2
     dc0:	85 e0       	ldi	r24, 0x05	; 5
     dc2:	91 e0       	ldi	r25, 0x01	; 1
     dc4:	0e 94 e6 02 	call	0x5cc	; 0x5cc <nokia_lcd_write_string>
     dc8:	82 e0       	ldi	r24, 0x02	; 2
     dca:	90 e0       	ldi	r25, 0x00	; 0
     dcc:	0e 94 75 01 	call	0x2ea	; 0x2ea <draw_line>
     dd0:	0e 94 fb 02 	call	0x5f6	; 0x5f6 <nokia_lcd_render>
     dd4:	ee 24       	eor	r14, r14
     dd6:	e3 94       	inc	r14
     dd8:	f1 2c       	mov	r15, r1
     dda:	c0 cf       	rjmp	.-128    	; 0xd5c <main+0x3c>
     ddc:	e1 14       	cp	r14, r1
     dde:	f1 04       	cpc	r15, r1
     de0:	09 f4       	brne	.+2      	; 0xde4 <main+0xc4>
     de2:	bc cf       	rjmp	.-136    	; 0xd5c <main+0x3c>
     de4:	e6 cf       	rjmp	.-52     	; 0xdb2 <main+0x92>

00000de6 <__udivmodqi4>:
     de6:	99 1b       	sub	r25, r25
     de8:	79 e0       	ldi	r23, 0x09	; 9
     dea:	04 c0       	rjmp	.+8      	; 0xdf4 <__udivmodqi4_ep>

00000dec <__udivmodqi4_loop>:
     dec:	99 1f       	adc	r25, r25
     dee:	96 17       	cp	r25, r22
     df0:	08 f0       	brcs	.+2      	; 0xdf4 <__udivmodqi4_ep>
     df2:	96 1b       	sub	r25, r22

00000df4 <__udivmodqi4_ep>:
     df4:	88 1f       	adc	r24, r24
     df6:	7a 95       	dec	r23
     df8:	c9 f7       	brne	.-14     	; 0xdec <__udivmodqi4_loop>
     dfa:	80 95       	com	r24
     dfc:	08 95       	ret

00000dfe <__divmodhi4>:
     dfe:	97 fb       	bst	r25, 7
     e00:	07 2e       	mov	r0, r23
     e02:	16 f4       	brtc	.+4      	; 0xe08 <__divmodhi4+0xa>
     e04:	00 94       	com	r0
     e06:	07 d0       	rcall	.+14     	; 0xe16 <__divmodhi4_neg1>
     e08:	77 fd       	sbrc	r23, 7
     e0a:	09 d0       	rcall	.+18     	; 0xe1e <__divmodhi4_neg2>
     e0c:	0e 94 32 07 	call	0xe64	; 0xe64 <__udivmodhi4>
     e10:	07 fc       	sbrc	r0, 7
     e12:	05 d0       	rcall	.+10     	; 0xe1e <__divmodhi4_neg2>
     e14:	3e f4       	brtc	.+14     	; 0xe24 <__divmodhi4_exit>

00000e16 <__divmodhi4_neg1>:
     e16:	90 95       	com	r25
     e18:	81 95       	neg	r24
     e1a:	9f 4f       	sbci	r25, 0xFF	; 255
     e1c:	08 95       	ret

00000e1e <__divmodhi4_neg2>:
     e1e:	70 95       	com	r23
     e20:	61 95       	neg	r22
     e22:	7f 4f       	sbci	r23, 0xFF	; 255

00000e24 <__divmodhi4_exit>:
     e24:	08 95       	ret

00000e26 <__divmodsi4>:
     e26:	05 2e       	mov	r0, r21
     e28:	97 fb       	bst	r25, 7
     e2a:	1e f4       	brtc	.+6      	; 0xe32 <__divmodsi4+0xc>
     e2c:	00 94       	com	r0
     e2e:	0e 94 2a 07 	call	0xe54	; 0xe54 <__negsi2>
     e32:	57 fd       	sbrc	r21, 7
     e34:	07 d0       	rcall	.+14     	; 0xe44 <__divmodsi4_neg2>
     e36:	0e 94 46 07 	call	0xe8c	; 0xe8c <__udivmodsi4>
     e3a:	07 fc       	sbrc	r0, 7
     e3c:	03 d0       	rcall	.+6      	; 0xe44 <__divmodsi4_neg2>
     e3e:	4e f4       	brtc	.+18     	; 0xe52 <__divmodsi4_exit>
     e40:	0c 94 2a 07 	jmp	0xe54	; 0xe54 <__negsi2>

00000e44 <__divmodsi4_neg2>:
     e44:	50 95       	com	r21
     e46:	40 95       	com	r20
     e48:	30 95       	com	r19
     e4a:	21 95       	neg	r18
     e4c:	3f 4f       	sbci	r19, 0xFF	; 255
     e4e:	4f 4f       	sbci	r20, 0xFF	; 255
     e50:	5f 4f       	sbci	r21, 0xFF	; 255

00000e52 <__divmodsi4_exit>:
     e52:	08 95       	ret

00000e54 <__negsi2>:
     e54:	90 95       	com	r25
     e56:	80 95       	com	r24
     e58:	70 95       	com	r23
     e5a:	61 95       	neg	r22
     e5c:	7f 4f       	sbci	r23, 0xFF	; 255
     e5e:	8f 4f       	sbci	r24, 0xFF	; 255
     e60:	9f 4f       	sbci	r25, 0xFF	; 255
     e62:	08 95       	ret

00000e64 <__udivmodhi4>:
     e64:	aa 1b       	sub	r26, r26
     e66:	bb 1b       	sub	r27, r27
     e68:	51 e1       	ldi	r21, 0x11	; 17
     e6a:	07 c0       	rjmp	.+14     	; 0xe7a <__udivmodhi4_ep>

00000e6c <__udivmodhi4_loop>:
     e6c:	aa 1f       	adc	r26, r26
     e6e:	bb 1f       	adc	r27, r27
     e70:	a6 17       	cp	r26, r22
     e72:	b7 07       	cpc	r27, r23
     e74:	10 f0       	brcs	.+4      	; 0xe7a <__udivmodhi4_ep>
     e76:	a6 1b       	sub	r26, r22
     e78:	b7 0b       	sbc	r27, r23

00000e7a <__udivmodhi4_ep>:
     e7a:	88 1f       	adc	r24, r24
     e7c:	99 1f       	adc	r25, r25
     e7e:	5a 95       	dec	r21
     e80:	a9 f7       	brne	.-22     	; 0xe6c <__udivmodhi4_loop>
     e82:	80 95       	com	r24
     e84:	90 95       	com	r25
     e86:	bc 01       	movw	r22, r24
     e88:	cd 01       	movw	r24, r26
     e8a:	08 95       	ret

00000e8c <__udivmodsi4>:
     e8c:	a1 e2       	ldi	r26, 0x21	; 33
     e8e:	1a 2e       	mov	r1, r26
     e90:	aa 1b       	sub	r26, r26
     e92:	bb 1b       	sub	r27, r27
     e94:	fd 01       	movw	r30, r26
     e96:	0d c0       	rjmp	.+26     	; 0xeb2 <__udivmodsi4_ep>

00000e98 <__udivmodsi4_loop>:
     e98:	aa 1f       	adc	r26, r26
     e9a:	bb 1f       	adc	r27, r27
     e9c:	ee 1f       	adc	r30, r30
     e9e:	ff 1f       	adc	r31, r31
     ea0:	a2 17       	cp	r26, r18
     ea2:	b3 07       	cpc	r27, r19
     ea4:	e4 07       	cpc	r30, r20
     ea6:	f5 07       	cpc	r31, r21
     ea8:	20 f0       	brcs	.+8      	; 0xeb2 <__udivmodsi4_ep>
     eaa:	a2 1b       	sub	r26, r18
     eac:	b3 0b       	sbc	r27, r19
     eae:	e4 0b       	sbc	r30, r20
     eb0:	f5 0b       	sbc	r31, r21

00000eb2 <__udivmodsi4_ep>:
     eb2:	66 1f       	adc	r22, r22
     eb4:	77 1f       	adc	r23, r23
     eb6:	88 1f       	adc	r24, r24
     eb8:	99 1f       	adc	r25, r25
     eba:	1a 94       	dec	r1
     ebc:	69 f7       	brne	.-38     	; 0xe98 <__udivmodsi4_loop>
     ebe:	60 95       	com	r22
     ec0:	70 95       	com	r23
     ec2:	80 95       	com	r24
     ec4:	90 95       	com	r25
     ec6:	9b 01       	movw	r18, r22
     ec8:	ac 01       	movw	r20, r24
     eca:	bd 01       	movw	r22, r26
     ecc:	cf 01       	movw	r24, r30
     ece:	08 95       	ret

00000ed0 <__subsf3>:
     ed0:	50 58       	subi	r21, 0x80	; 128

00000ed2 <__addsf3>:
     ed2:	bb 27       	eor	r27, r27
     ed4:	aa 27       	eor	r26, r26
     ed6:	0e 94 80 07 	call	0xf00	; 0xf00 <__addsf3x>
     eda:	0c 94 f3 08 	jmp	0x11e6	; 0x11e6 <__fp_round>
     ede:	0e 94 e5 08 	call	0x11ca	; 0x11ca <__fp_pscA>
     ee2:	38 f0       	brcs	.+14     	; 0xef2 <__addsf3+0x20>
     ee4:	0e 94 ec 08 	call	0x11d8	; 0x11d8 <__fp_pscB>
     ee8:	20 f0       	brcs	.+8      	; 0xef2 <__addsf3+0x20>
     eea:	39 f4       	brne	.+14     	; 0xefa <__addsf3+0x28>
     eec:	9f 3f       	cpi	r25, 0xFF	; 255
     eee:	19 f4       	brne	.+6      	; 0xef6 <__addsf3+0x24>
     ef0:	26 f4       	brtc	.+8      	; 0xefa <__addsf3+0x28>
     ef2:	0c 94 e2 08 	jmp	0x11c4	; 0x11c4 <__fp_nan>
     ef6:	0e f4       	brtc	.+2      	; 0xefa <__addsf3+0x28>
     ef8:	e0 95       	com	r30
     efa:	e7 fb       	bst	r30, 7
     efc:	0c 94 dc 08 	jmp	0x11b8	; 0x11b8 <__fp_inf>

00000f00 <__addsf3x>:
     f00:	e9 2f       	mov	r30, r25
     f02:	0e 94 04 09 	call	0x1208	; 0x1208 <__fp_split3>
     f06:	58 f3       	brcs	.-42     	; 0xede <__addsf3+0xc>
     f08:	ba 17       	cp	r27, r26
     f0a:	62 07       	cpc	r22, r18
     f0c:	73 07       	cpc	r23, r19
     f0e:	84 07       	cpc	r24, r20
     f10:	95 07       	cpc	r25, r21
     f12:	20 f0       	brcs	.+8      	; 0xf1c <__addsf3x+0x1c>
     f14:	79 f4       	brne	.+30     	; 0xf34 <__addsf3x+0x34>
     f16:	a6 f5       	brtc	.+104    	; 0xf80 <__addsf3x+0x80>
     f18:	0c 94 26 09 	jmp	0x124c	; 0x124c <__fp_zero>
     f1c:	0e f4       	brtc	.+2      	; 0xf20 <__addsf3x+0x20>
     f1e:	e0 95       	com	r30
     f20:	0b 2e       	mov	r0, r27
     f22:	ba 2f       	mov	r27, r26
     f24:	a0 2d       	mov	r26, r0
     f26:	0b 01       	movw	r0, r22
     f28:	b9 01       	movw	r22, r18
     f2a:	90 01       	movw	r18, r0
     f2c:	0c 01       	movw	r0, r24
     f2e:	ca 01       	movw	r24, r20
     f30:	a0 01       	movw	r20, r0
     f32:	11 24       	eor	r1, r1
     f34:	ff 27       	eor	r31, r31
     f36:	59 1b       	sub	r21, r25
     f38:	99 f0       	breq	.+38     	; 0xf60 <__addsf3x+0x60>
     f3a:	59 3f       	cpi	r21, 0xF9	; 249
     f3c:	50 f4       	brcc	.+20     	; 0xf52 <__addsf3x+0x52>
     f3e:	50 3e       	cpi	r21, 0xE0	; 224
     f40:	68 f1       	brcs	.+90     	; 0xf9c <__addsf3x+0x9c>
     f42:	1a 16       	cp	r1, r26
     f44:	f0 40       	sbci	r31, 0x00	; 0
     f46:	a2 2f       	mov	r26, r18
     f48:	23 2f       	mov	r18, r19
     f4a:	34 2f       	mov	r19, r20
     f4c:	44 27       	eor	r20, r20
     f4e:	58 5f       	subi	r21, 0xF8	; 248
     f50:	f3 cf       	rjmp	.-26     	; 0xf38 <__addsf3x+0x38>
     f52:	46 95       	lsr	r20
     f54:	37 95       	ror	r19
     f56:	27 95       	ror	r18
     f58:	a7 95       	ror	r26
     f5a:	f0 40       	sbci	r31, 0x00	; 0
     f5c:	53 95       	inc	r21
     f5e:	c9 f7       	brne	.-14     	; 0xf52 <__addsf3x+0x52>
     f60:	7e f4       	brtc	.+30     	; 0xf80 <__addsf3x+0x80>
     f62:	1f 16       	cp	r1, r31
     f64:	ba 0b       	sbc	r27, r26
     f66:	62 0b       	sbc	r22, r18
     f68:	73 0b       	sbc	r23, r19
     f6a:	84 0b       	sbc	r24, r20
     f6c:	ba f0       	brmi	.+46     	; 0xf9c <__addsf3x+0x9c>
     f6e:	91 50       	subi	r25, 0x01	; 1
     f70:	a1 f0       	breq	.+40     	; 0xf9a <__addsf3x+0x9a>
     f72:	ff 0f       	add	r31, r31
     f74:	bb 1f       	adc	r27, r27
     f76:	66 1f       	adc	r22, r22
     f78:	77 1f       	adc	r23, r23
     f7a:	88 1f       	adc	r24, r24
     f7c:	c2 f7       	brpl	.-16     	; 0xf6e <__addsf3x+0x6e>
     f7e:	0e c0       	rjmp	.+28     	; 0xf9c <__addsf3x+0x9c>
     f80:	ba 0f       	add	r27, r26
     f82:	62 1f       	adc	r22, r18
     f84:	73 1f       	adc	r23, r19
     f86:	84 1f       	adc	r24, r20
     f88:	48 f4       	brcc	.+18     	; 0xf9c <__addsf3x+0x9c>
     f8a:	87 95       	ror	r24
     f8c:	77 95       	ror	r23
     f8e:	67 95       	ror	r22
     f90:	b7 95       	ror	r27
     f92:	f7 95       	ror	r31
     f94:	9e 3f       	cpi	r25, 0xFE	; 254
     f96:	08 f0       	brcs	.+2      	; 0xf9a <__addsf3x+0x9a>
     f98:	b0 cf       	rjmp	.-160    	; 0xefa <__addsf3+0x28>
     f9a:	93 95       	inc	r25
     f9c:	88 0f       	add	r24, r24
     f9e:	08 f0       	brcs	.+2      	; 0xfa2 <__addsf3x+0xa2>
     fa0:	99 27       	eor	r25, r25
     fa2:	ee 0f       	add	r30, r30
     fa4:	97 95       	ror	r25
     fa6:	87 95       	ror	r24
     fa8:	08 95       	ret

00000faa <__cmpsf2>:
     faa:	0e 94 b8 08 	call	0x1170	; 0x1170 <__fp_cmp>
     fae:	08 f4       	brcc	.+2      	; 0xfb2 <__cmpsf2+0x8>
     fb0:	81 e0       	ldi	r24, 0x01	; 1
     fb2:	08 95       	ret

00000fb4 <__divsf3>:
     fb4:	0e 94 ee 07 	call	0xfdc	; 0xfdc <__divsf3x>
     fb8:	0c 94 f3 08 	jmp	0x11e6	; 0x11e6 <__fp_round>
     fbc:	0e 94 ec 08 	call	0x11d8	; 0x11d8 <__fp_pscB>
     fc0:	58 f0       	brcs	.+22     	; 0xfd8 <__divsf3+0x24>
     fc2:	0e 94 e5 08 	call	0x11ca	; 0x11ca <__fp_pscA>
     fc6:	40 f0       	brcs	.+16     	; 0xfd8 <__divsf3+0x24>
     fc8:	29 f4       	brne	.+10     	; 0xfd4 <__divsf3+0x20>
     fca:	5f 3f       	cpi	r21, 0xFF	; 255
     fcc:	29 f0       	breq	.+10     	; 0xfd8 <__divsf3+0x24>
     fce:	0c 94 dc 08 	jmp	0x11b8	; 0x11b8 <__fp_inf>
     fd2:	51 11       	cpse	r21, r1
     fd4:	0c 94 27 09 	jmp	0x124e	; 0x124e <__fp_szero>
     fd8:	0c 94 e2 08 	jmp	0x11c4	; 0x11c4 <__fp_nan>

00000fdc <__divsf3x>:
     fdc:	0e 94 04 09 	call	0x1208	; 0x1208 <__fp_split3>
     fe0:	68 f3       	brcs	.-38     	; 0xfbc <__divsf3+0x8>

00000fe2 <__divsf3_pse>:
     fe2:	99 23       	and	r25, r25
     fe4:	b1 f3       	breq	.-20     	; 0xfd2 <__divsf3+0x1e>
     fe6:	55 23       	and	r21, r21
     fe8:	91 f3       	breq	.-28     	; 0xfce <__divsf3+0x1a>
     fea:	95 1b       	sub	r25, r21
     fec:	55 0b       	sbc	r21, r21
     fee:	bb 27       	eor	r27, r27
     ff0:	aa 27       	eor	r26, r26
     ff2:	62 17       	cp	r22, r18
     ff4:	73 07       	cpc	r23, r19
     ff6:	84 07       	cpc	r24, r20
     ff8:	38 f0       	brcs	.+14     	; 0x1008 <__divsf3_pse+0x26>
     ffa:	9f 5f       	subi	r25, 0xFF	; 255
     ffc:	5f 4f       	sbci	r21, 0xFF	; 255
     ffe:	22 0f       	add	r18, r18
    1000:	33 1f       	adc	r19, r19
    1002:	44 1f       	adc	r20, r20
    1004:	aa 1f       	adc	r26, r26
    1006:	a9 f3       	breq	.-22     	; 0xff2 <__divsf3_pse+0x10>
    1008:	35 d0       	rcall	.+106    	; 0x1074 <__divsf3_pse+0x92>
    100a:	0e 2e       	mov	r0, r30
    100c:	3a f0       	brmi	.+14     	; 0x101c <__divsf3_pse+0x3a>
    100e:	e0 e8       	ldi	r30, 0x80	; 128
    1010:	32 d0       	rcall	.+100    	; 0x1076 <__divsf3_pse+0x94>
    1012:	91 50       	subi	r25, 0x01	; 1
    1014:	50 40       	sbci	r21, 0x00	; 0
    1016:	e6 95       	lsr	r30
    1018:	00 1c       	adc	r0, r0
    101a:	ca f7       	brpl	.-14     	; 0x100e <__divsf3_pse+0x2c>
    101c:	2b d0       	rcall	.+86     	; 0x1074 <__divsf3_pse+0x92>
    101e:	fe 2f       	mov	r31, r30
    1020:	29 d0       	rcall	.+82     	; 0x1074 <__divsf3_pse+0x92>
    1022:	66 0f       	add	r22, r22
    1024:	77 1f       	adc	r23, r23
    1026:	88 1f       	adc	r24, r24
    1028:	bb 1f       	adc	r27, r27
    102a:	26 17       	cp	r18, r22
    102c:	37 07       	cpc	r19, r23
    102e:	48 07       	cpc	r20, r24
    1030:	ab 07       	cpc	r26, r27
    1032:	b0 e8       	ldi	r27, 0x80	; 128
    1034:	09 f0       	breq	.+2      	; 0x1038 <__divsf3_pse+0x56>
    1036:	bb 0b       	sbc	r27, r27
    1038:	80 2d       	mov	r24, r0
    103a:	bf 01       	movw	r22, r30
    103c:	ff 27       	eor	r31, r31
    103e:	93 58       	subi	r25, 0x83	; 131
    1040:	5f 4f       	sbci	r21, 0xFF	; 255
    1042:	3a f0       	brmi	.+14     	; 0x1052 <__divsf3_pse+0x70>
    1044:	9e 3f       	cpi	r25, 0xFE	; 254
    1046:	51 05       	cpc	r21, r1
    1048:	78 f0       	brcs	.+30     	; 0x1068 <__divsf3_pse+0x86>
    104a:	0c 94 dc 08 	jmp	0x11b8	; 0x11b8 <__fp_inf>
    104e:	0c 94 27 09 	jmp	0x124e	; 0x124e <__fp_szero>
    1052:	5f 3f       	cpi	r21, 0xFF	; 255
    1054:	e4 f3       	brlt	.-8      	; 0x104e <__divsf3_pse+0x6c>
    1056:	98 3e       	cpi	r25, 0xE8	; 232
    1058:	d4 f3       	brlt	.-12     	; 0x104e <__divsf3_pse+0x6c>
    105a:	86 95       	lsr	r24
    105c:	77 95       	ror	r23
    105e:	67 95       	ror	r22
    1060:	b7 95       	ror	r27
    1062:	f7 95       	ror	r31
    1064:	9f 5f       	subi	r25, 0xFF	; 255
    1066:	c9 f7       	brne	.-14     	; 0x105a <__divsf3_pse+0x78>
    1068:	88 0f       	add	r24, r24
    106a:	91 1d       	adc	r25, r1
    106c:	96 95       	lsr	r25
    106e:	87 95       	ror	r24
    1070:	97 f9       	bld	r25, 7
    1072:	08 95       	ret
    1074:	e1 e0       	ldi	r30, 0x01	; 1
    1076:	66 0f       	add	r22, r22
    1078:	77 1f       	adc	r23, r23
    107a:	88 1f       	adc	r24, r24
    107c:	bb 1f       	adc	r27, r27
    107e:	62 17       	cp	r22, r18
    1080:	73 07       	cpc	r23, r19
    1082:	84 07       	cpc	r24, r20
    1084:	ba 07       	cpc	r27, r26
    1086:	20 f0       	brcs	.+8      	; 0x1090 <__divsf3_pse+0xae>
    1088:	62 1b       	sub	r22, r18
    108a:	73 0b       	sbc	r23, r19
    108c:	84 0b       	sbc	r24, r20
    108e:	ba 0b       	sbc	r27, r26
    1090:	ee 1f       	adc	r30, r30
    1092:	88 f7       	brcc	.-30     	; 0x1076 <__divsf3_pse+0x94>
    1094:	e0 95       	com	r30
    1096:	08 95       	ret

00001098 <__fixunssfsi>:
    1098:	0e 94 0c 09 	call	0x1218	; 0x1218 <__fp_splitA>
    109c:	88 f0       	brcs	.+34     	; 0x10c0 <__fixunssfsi+0x28>
    109e:	9f 57       	subi	r25, 0x7F	; 127
    10a0:	98 f0       	brcs	.+38     	; 0x10c8 <__fixunssfsi+0x30>
    10a2:	b9 2f       	mov	r27, r25
    10a4:	99 27       	eor	r25, r25
    10a6:	b7 51       	subi	r27, 0x17	; 23
    10a8:	b0 f0       	brcs	.+44     	; 0x10d6 <__fixunssfsi+0x3e>
    10aa:	e1 f0       	breq	.+56     	; 0x10e4 <__fixunssfsi+0x4c>
    10ac:	66 0f       	add	r22, r22
    10ae:	77 1f       	adc	r23, r23
    10b0:	88 1f       	adc	r24, r24
    10b2:	99 1f       	adc	r25, r25
    10b4:	1a f0       	brmi	.+6      	; 0x10bc <__fixunssfsi+0x24>
    10b6:	ba 95       	dec	r27
    10b8:	c9 f7       	brne	.-14     	; 0x10ac <__fixunssfsi+0x14>
    10ba:	14 c0       	rjmp	.+40     	; 0x10e4 <__fixunssfsi+0x4c>
    10bc:	b1 30       	cpi	r27, 0x01	; 1
    10be:	91 f0       	breq	.+36     	; 0x10e4 <__fixunssfsi+0x4c>
    10c0:	0e 94 26 09 	call	0x124c	; 0x124c <__fp_zero>
    10c4:	b1 e0       	ldi	r27, 0x01	; 1
    10c6:	08 95       	ret
    10c8:	0c 94 26 09 	jmp	0x124c	; 0x124c <__fp_zero>
    10cc:	67 2f       	mov	r22, r23
    10ce:	78 2f       	mov	r23, r24
    10d0:	88 27       	eor	r24, r24
    10d2:	b8 5f       	subi	r27, 0xF8	; 248
    10d4:	39 f0       	breq	.+14     	; 0x10e4 <__fixunssfsi+0x4c>
    10d6:	b9 3f       	cpi	r27, 0xF9	; 249
    10d8:	cc f3       	brlt	.-14     	; 0x10cc <__fixunssfsi+0x34>
    10da:	86 95       	lsr	r24
    10dc:	77 95       	ror	r23
    10de:	67 95       	ror	r22
    10e0:	b3 95       	inc	r27
    10e2:	d9 f7       	brne	.-10     	; 0x10da <__fixunssfsi+0x42>
    10e4:	3e f4       	brtc	.+14     	; 0x10f4 <__fixunssfsi+0x5c>
    10e6:	90 95       	com	r25
    10e8:	80 95       	com	r24
    10ea:	70 95       	com	r23
    10ec:	61 95       	neg	r22
    10ee:	7f 4f       	sbci	r23, 0xFF	; 255
    10f0:	8f 4f       	sbci	r24, 0xFF	; 255
    10f2:	9f 4f       	sbci	r25, 0xFF	; 255
    10f4:	08 95       	ret

000010f6 <__floatunsisf>:
    10f6:	e8 94       	clt
    10f8:	09 c0       	rjmp	.+18     	; 0x110c <__floatsisf+0x12>

000010fa <__floatsisf>:
    10fa:	97 fb       	bst	r25, 7
    10fc:	3e f4       	brtc	.+14     	; 0x110c <__floatsisf+0x12>
    10fe:	90 95       	com	r25
    1100:	80 95       	com	r24
    1102:	70 95       	com	r23
    1104:	61 95       	neg	r22
    1106:	7f 4f       	sbci	r23, 0xFF	; 255
    1108:	8f 4f       	sbci	r24, 0xFF	; 255
    110a:	9f 4f       	sbci	r25, 0xFF	; 255
    110c:	99 23       	and	r25, r25
    110e:	a9 f0       	breq	.+42     	; 0x113a <__floatsisf+0x40>
    1110:	f9 2f       	mov	r31, r25
    1112:	96 e9       	ldi	r25, 0x96	; 150
    1114:	bb 27       	eor	r27, r27
    1116:	93 95       	inc	r25
    1118:	f6 95       	lsr	r31
    111a:	87 95       	ror	r24
    111c:	77 95       	ror	r23
    111e:	67 95       	ror	r22
    1120:	b7 95       	ror	r27
    1122:	f1 11       	cpse	r31, r1
    1124:	f8 cf       	rjmp	.-16     	; 0x1116 <__floatsisf+0x1c>
    1126:	fa f4       	brpl	.+62     	; 0x1166 <__floatsisf+0x6c>
    1128:	bb 0f       	add	r27, r27
    112a:	11 f4       	brne	.+4      	; 0x1130 <__floatsisf+0x36>
    112c:	60 ff       	sbrs	r22, 0
    112e:	1b c0       	rjmp	.+54     	; 0x1166 <__floatsisf+0x6c>
    1130:	6f 5f       	subi	r22, 0xFF	; 255
    1132:	7f 4f       	sbci	r23, 0xFF	; 255
    1134:	8f 4f       	sbci	r24, 0xFF	; 255
    1136:	9f 4f       	sbci	r25, 0xFF	; 255
    1138:	16 c0       	rjmp	.+44     	; 0x1166 <__floatsisf+0x6c>
    113a:	88 23       	and	r24, r24
    113c:	11 f0       	breq	.+4      	; 0x1142 <__floatsisf+0x48>
    113e:	96 e9       	ldi	r25, 0x96	; 150
    1140:	11 c0       	rjmp	.+34     	; 0x1164 <__floatsisf+0x6a>
    1142:	77 23       	and	r23, r23
    1144:	21 f0       	breq	.+8      	; 0x114e <__floatsisf+0x54>
    1146:	9e e8       	ldi	r25, 0x8E	; 142
    1148:	87 2f       	mov	r24, r23
    114a:	76 2f       	mov	r23, r22
    114c:	05 c0       	rjmp	.+10     	; 0x1158 <__floatsisf+0x5e>
    114e:	66 23       	and	r22, r22
    1150:	71 f0       	breq	.+28     	; 0x116e <__floatsisf+0x74>
    1152:	96 e8       	ldi	r25, 0x86	; 134
    1154:	86 2f       	mov	r24, r22
    1156:	70 e0       	ldi	r23, 0x00	; 0
    1158:	60 e0       	ldi	r22, 0x00	; 0
    115a:	2a f0       	brmi	.+10     	; 0x1166 <__floatsisf+0x6c>
    115c:	9a 95       	dec	r25
    115e:	66 0f       	add	r22, r22
    1160:	77 1f       	adc	r23, r23
    1162:	88 1f       	adc	r24, r24
    1164:	da f7       	brpl	.-10     	; 0x115c <__floatsisf+0x62>
    1166:	88 0f       	add	r24, r24
    1168:	96 95       	lsr	r25
    116a:	87 95       	ror	r24
    116c:	97 f9       	bld	r25, 7
    116e:	08 95       	ret

00001170 <__fp_cmp>:
    1170:	99 0f       	add	r25, r25
    1172:	00 08       	sbc	r0, r0
    1174:	55 0f       	add	r21, r21
    1176:	aa 0b       	sbc	r26, r26
    1178:	e0 e8       	ldi	r30, 0x80	; 128
    117a:	fe ef       	ldi	r31, 0xFE	; 254
    117c:	16 16       	cp	r1, r22
    117e:	17 06       	cpc	r1, r23
    1180:	e8 07       	cpc	r30, r24
    1182:	f9 07       	cpc	r31, r25
    1184:	c0 f0       	brcs	.+48     	; 0x11b6 <__fp_cmp+0x46>
    1186:	12 16       	cp	r1, r18
    1188:	13 06       	cpc	r1, r19
    118a:	e4 07       	cpc	r30, r20
    118c:	f5 07       	cpc	r31, r21
    118e:	98 f0       	brcs	.+38     	; 0x11b6 <__fp_cmp+0x46>
    1190:	62 1b       	sub	r22, r18
    1192:	73 0b       	sbc	r23, r19
    1194:	84 0b       	sbc	r24, r20
    1196:	95 0b       	sbc	r25, r21
    1198:	39 f4       	brne	.+14     	; 0x11a8 <__fp_cmp+0x38>
    119a:	0a 26       	eor	r0, r26
    119c:	61 f0       	breq	.+24     	; 0x11b6 <__fp_cmp+0x46>
    119e:	23 2b       	or	r18, r19
    11a0:	24 2b       	or	r18, r20
    11a2:	25 2b       	or	r18, r21
    11a4:	21 f4       	brne	.+8      	; 0x11ae <__fp_cmp+0x3e>
    11a6:	08 95       	ret
    11a8:	0a 26       	eor	r0, r26
    11aa:	09 f4       	brne	.+2      	; 0x11ae <__fp_cmp+0x3e>
    11ac:	a1 40       	sbci	r26, 0x01	; 1
    11ae:	a6 95       	lsr	r26
    11b0:	8f ef       	ldi	r24, 0xFF	; 255
    11b2:	81 1d       	adc	r24, r1
    11b4:	81 1d       	adc	r24, r1
    11b6:	08 95       	ret

000011b8 <__fp_inf>:
    11b8:	97 f9       	bld	r25, 7
    11ba:	9f 67       	ori	r25, 0x7F	; 127
    11bc:	80 e8       	ldi	r24, 0x80	; 128
    11be:	70 e0       	ldi	r23, 0x00	; 0
    11c0:	60 e0       	ldi	r22, 0x00	; 0
    11c2:	08 95       	ret

000011c4 <__fp_nan>:
    11c4:	9f ef       	ldi	r25, 0xFF	; 255
    11c6:	80 ec       	ldi	r24, 0xC0	; 192
    11c8:	08 95       	ret

000011ca <__fp_pscA>:
    11ca:	00 24       	eor	r0, r0
    11cc:	0a 94       	dec	r0
    11ce:	16 16       	cp	r1, r22
    11d0:	17 06       	cpc	r1, r23
    11d2:	18 06       	cpc	r1, r24
    11d4:	09 06       	cpc	r0, r25
    11d6:	08 95       	ret

000011d8 <__fp_pscB>:
    11d8:	00 24       	eor	r0, r0
    11da:	0a 94       	dec	r0
    11dc:	12 16       	cp	r1, r18
    11de:	13 06       	cpc	r1, r19
    11e0:	14 06       	cpc	r1, r20
    11e2:	05 06       	cpc	r0, r21
    11e4:	08 95       	ret

000011e6 <__fp_round>:
    11e6:	09 2e       	mov	r0, r25
    11e8:	03 94       	inc	r0
    11ea:	00 0c       	add	r0, r0
    11ec:	11 f4       	brne	.+4      	; 0x11f2 <__fp_round+0xc>
    11ee:	88 23       	and	r24, r24
    11f0:	52 f0       	brmi	.+20     	; 0x1206 <__fp_round+0x20>
    11f2:	bb 0f       	add	r27, r27
    11f4:	40 f4       	brcc	.+16     	; 0x1206 <__fp_round+0x20>
    11f6:	bf 2b       	or	r27, r31
    11f8:	11 f4       	brne	.+4      	; 0x11fe <__fp_round+0x18>
    11fa:	60 ff       	sbrs	r22, 0
    11fc:	04 c0       	rjmp	.+8      	; 0x1206 <__fp_round+0x20>
    11fe:	6f 5f       	subi	r22, 0xFF	; 255
    1200:	7f 4f       	sbci	r23, 0xFF	; 255
    1202:	8f 4f       	sbci	r24, 0xFF	; 255
    1204:	9f 4f       	sbci	r25, 0xFF	; 255
    1206:	08 95       	ret

00001208 <__fp_split3>:
    1208:	57 fd       	sbrc	r21, 7
    120a:	90 58       	subi	r25, 0x80	; 128
    120c:	44 0f       	add	r20, r20
    120e:	55 1f       	adc	r21, r21
    1210:	59 f0       	breq	.+22     	; 0x1228 <__fp_splitA+0x10>
    1212:	5f 3f       	cpi	r21, 0xFF	; 255
    1214:	71 f0       	breq	.+28     	; 0x1232 <__fp_splitA+0x1a>
    1216:	47 95       	ror	r20

00001218 <__fp_splitA>:
    1218:	88 0f       	add	r24, r24
    121a:	97 fb       	bst	r25, 7
    121c:	99 1f       	adc	r25, r25
    121e:	61 f0       	breq	.+24     	; 0x1238 <__fp_splitA+0x20>
    1220:	9f 3f       	cpi	r25, 0xFF	; 255
    1222:	79 f0       	breq	.+30     	; 0x1242 <__fp_splitA+0x2a>
    1224:	87 95       	ror	r24
    1226:	08 95       	ret
    1228:	12 16       	cp	r1, r18
    122a:	13 06       	cpc	r1, r19
    122c:	14 06       	cpc	r1, r20
    122e:	55 1f       	adc	r21, r21
    1230:	f2 cf       	rjmp	.-28     	; 0x1216 <__fp_split3+0xe>
    1232:	46 95       	lsr	r20
    1234:	f1 df       	rcall	.-30     	; 0x1218 <__fp_splitA>
    1236:	08 c0       	rjmp	.+16     	; 0x1248 <__fp_splitA+0x30>
    1238:	16 16       	cp	r1, r22
    123a:	17 06       	cpc	r1, r23
    123c:	18 06       	cpc	r1, r24
    123e:	99 1f       	adc	r25, r25
    1240:	f1 cf       	rjmp	.-30     	; 0x1224 <__fp_splitA+0xc>
    1242:	86 95       	lsr	r24
    1244:	71 05       	cpc	r23, r1
    1246:	61 05       	cpc	r22, r1
    1248:	08 94       	sec
    124a:	08 95       	ret

0000124c <__fp_zero>:
    124c:	e8 94       	clt

0000124e <__fp_szero>:
    124e:	bb 27       	eor	r27, r27
    1250:	66 27       	eor	r22, r22
    1252:	77 27       	eor	r23, r23
    1254:	cb 01       	movw	r24, r22
    1256:	97 f9       	bld	r25, 7
    1258:	08 95       	ret

0000125a <__gesf2>:
    125a:	0e 94 b8 08 	call	0x1170	; 0x1170 <__fp_cmp>
    125e:	08 f4       	brcc	.+2      	; 0x1262 <__gesf2+0x8>
    1260:	8f ef       	ldi	r24, 0xFF	; 255
    1262:	08 95       	ret

00001264 <__mulsf3>:
    1264:	0e 94 45 09 	call	0x128a	; 0x128a <__mulsf3x>
    1268:	0c 94 f3 08 	jmp	0x11e6	; 0x11e6 <__fp_round>
    126c:	0e 94 e5 08 	call	0x11ca	; 0x11ca <__fp_pscA>
    1270:	38 f0       	brcs	.+14     	; 0x1280 <__mulsf3+0x1c>
    1272:	0e 94 ec 08 	call	0x11d8	; 0x11d8 <__fp_pscB>
    1276:	20 f0       	brcs	.+8      	; 0x1280 <__mulsf3+0x1c>
    1278:	95 23       	and	r25, r21
    127a:	11 f0       	breq	.+4      	; 0x1280 <__mulsf3+0x1c>
    127c:	0c 94 dc 08 	jmp	0x11b8	; 0x11b8 <__fp_inf>
    1280:	0c 94 e2 08 	jmp	0x11c4	; 0x11c4 <__fp_nan>
    1284:	11 24       	eor	r1, r1
    1286:	0c 94 27 09 	jmp	0x124e	; 0x124e <__fp_szero>

0000128a <__mulsf3x>:
    128a:	0e 94 04 09 	call	0x1208	; 0x1208 <__fp_split3>
    128e:	70 f3       	brcs	.-36     	; 0x126c <__mulsf3+0x8>

00001290 <__mulsf3_pse>:
    1290:	95 9f       	mul	r25, r21
    1292:	c1 f3       	breq	.-16     	; 0x1284 <__mulsf3+0x20>
    1294:	95 0f       	add	r25, r21
    1296:	50 e0       	ldi	r21, 0x00	; 0
    1298:	55 1f       	adc	r21, r21
    129a:	62 9f       	mul	r22, r18
    129c:	f0 01       	movw	r30, r0
    129e:	72 9f       	mul	r23, r18
    12a0:	bb 27       	eor	r27, r27
    12a2:	f0 0d       	add	r31, r0
    12a4:	b1 1d       	adc	r27, r1
    12a6:	63 9f       	mul	r22, r19
    12a8:	aa 27       	eor	r26, r26
    12aa:	f0 0d       	add	r31, r0
    12ac:	b1 1d       	adc	r27, r1
    12ae:	aa 1f       	adc	r26, r26
    12b0:	64 9f       	mul	r22, r20
    12b2:	66 27       	eor	r22, r22
    12b4:	b0 0d       	add	r27, r0
    12b6:	a1 1d       	adc	r26, r1
    12b8:	66 1f       	adc	r22, r22
    12ba:	82 9f       	mul	r24, r18
    12bc:	22 27       	eor	r18, r18
    12be:	b0 0d       	add	r27, r0
    12c0:	a1 1d       	adc	r26, r1
    12c2:	62 1f       	adc	r22, r18
    12c4:	73 9f       	mul	r23, r19
    12c6:	b0 0d       	add	r27, r0
    12c8:	a1 1d       	adc	r26, r1
    12ca:	62 1f       	adc	r22, r18
    12cc:	83 9f       	mul	r24, r19
    12ce:	a0 0d       	add	r26, r0
    12d0:	61 1d       	adc	r22, r1
    12d2:	22 1f       	adc	r18, r18
    12d4:	74 9f       	mul	r23, r20
    12d6:	33 27       	eor	r19, r19
    12d8:	a0 0d       	add	r26, r0
    12da:	61 1d       	adc	r22, r1
    12dc:	23 1f       	adc	r18, r19
    12de:	84 9f       	mul	r24, r20
    12e0:	60 0d       	add	r22, r0
    12e2:	21 1d       	adc	r18, r1
    12e4:	82 2f       	mov	r24, r18
    12e6:	76 2f       	mov	r23, r22
    12e8:	6a 2f       	mov	r22, r26
    12ea:	11 24       	eor	r1, r1
    12ec:	9f 57       	subi	r25, 0x7F	; 127
    12ee:	50 40       	sbci	r21, 0x00	; 0
    12f0:	9a f0       	brmi	.+38     	; 0x1318 <__mulsf3_pse+0x88>
    12f2:	f1 f0       	breq	.+60     	; 0x1330 <__mulsf3_pse+0xa0>
    12f4:	88 23       	and	r24, r24
    12f6:	4a f0       	brmi	.+18     	; 0x130a <__mulsf3_pse+0x7a>
    12f8:	ee 0f       	add	r30, r30
    12fa:	ff 1f       	adc	r31, r31
    12fc:	bb 1f       	adc	r27, r27
    12fe:	66 1f       	adc	r22, r22
    1300:	77 1f       	adc	r23, r23
    1302:	88 1f       	adc	r24, r24
    1304:	91 50       	subi	r25, 0x01	; 1
    1306:	50 40       	sbci	r21, 0x00	; 0
    1308:	a9 f7       	brne	.-22     	; 0x12f4 <__mulsf3_pse+0x64>
    130a:	9e 3f       	cpi	r25, 0xFE	; 254
    130c:	51 05       	cpc	r21, r1
    130e:	80 f0       	brcs	.+32     	; 0x1330 <__mulsf3_pse+0xa0>
    1310:	0c 94 dc 08 	jmp	0x11b8	; 0x11b8 <__fp_inf>
    1314:	0c 94 27 09 	jmp	0x124e	; 0x124e <__fp_szero>
    1318:	5f 3f       	cpi	r21, 0xFF	; 255
    131a:	e4 f3       	brlt	.-8      	; 0x1314 <__mulsf3_pse+0x84>
    131c:	98 3e       	cpi	r25, 0xE8	; 232
    131e:	d4 f3       	brlt	.-12     	; 0x1314 <__mulsf3_pse+0x84>
    1320:	86 95       	lsr	r24
    1322:	77 95       	ror	r23
    1324:	67 95       	ror	r22
    1326:	b7 95       	ror	r27
    1328:	f7 95       	ror	r31
    132a:	e7 95       	ror	r30
    132c:	9f 5f       	subi	r25, 0xFF	; 255
    132e:	c1 f7       	brne	.-16     	; 0x1320 <__mulsf3_pse+0x90>
    1330:	fe 2b       	or	r31, r30
    1332:	88 0f       	add	r24, r24
    1334:	91 1d       	adc	r25, r1
    1336:	96 95       	lsr	r25
    1338:	87 95       	ror	r24
    133a:	97 f9       	bld	r25, 7
    133c:	08 95       	ret

0000133e <do_rand>:
    133e:	cf 92       	push	r12
    1340:	df 92       	push	r13
    1342:	ef 92       	push	r14
    1344:	ff 92       	push	r15
    1346:	cf 93       	push	r28
    1348:	df 93       	push	r29
    134a:	cd b7       	in	r28, 0x3d	; 61
    134c:	de b7       	in	r29, 0x3e	; 62
    134e:	2a 97       	sbiw	r28, 0x0a	; 10
    1350:	0f b6       	in	r0, 0x3f	; 63
    1352:	f8 94       	cli
    1354:	de bf       	out	0x3e, r29	; 62
    1356:	0f be       	out	0x3f, r0	; 63
    1358:	cd bf       	out	0x3d, r28	; 61
    135a:	89 87       	std	Y+9, r24	; 0x09
    135c:	9a 87       	std	Y+10, r25	; 0x0a
    135e:	a9 85       	ldd	r26, Y+9	; 0x09
    1360:	ba 85       	ldd	r27, Y+10	; 0x0a
    1362:	2d 91       	ld	r18, X+
    1364:	3d 91       	ld	r19, X+
    1366:	4d 91       	ld	r20, X+
    1368:	5c 91       	ld	r21, X
    136a:	29 83       	std	Y+1, r18	; 0x01
    136c:	3a 83       	std	Y+2, r19	; 0x02
    136e:	4b 83       	std	Y+3, r20	; 0x03
    1370:	5c 83       	std	Y+4, r21	; 0x04
    1372:	23 2b       	or	r18, r19
    1374:	24 2b       	or	r18, r20
    1376:	25 2b       	or	r18, r21
    1378:	41 f4       	brne	.+16     	; 0x138a <do_rand+0x4c>
    137a:	24 e2       	ldi	r18, 0x24	; 36
    137c:	39 ed       	ldi	r19, 0xD9	; 217
    137e:	4b e5       	ldi	r20, 0x5B	; 91
    1380:	57 e0       	ldi	r21, 0x07	; 7
    1382:	29 83       	std	Y+1, r18	; 0x01
    1384:	3a 83       	std	Y+2, r19	; 0x02
    1386:	4b 83       	std	Y+3, r20	; 0x03
    1388:	5c 83       	std	Y+4, r21	; 0x04
    138a:	69 81       	ldd	r22, Y+1	; 0x01
    138c:	7a 81       	ldd	r23, Y+2	; 0x02
    138e:	8b 81       	ldd	r24, Y+3	; 0x03
    1390:	9c 81       	ldd	r25, Y+4	; 0x04
    1392:	2d e1       	ldi	r18, 0x1D	; 29
    1394:	33 ef       	ldi	r19, 0xF3	; 243
    1396:	41 e0       	ldi	r20, 0x01	; 1
    1398:	50 e0       	ldi	r21, 0x00	; 0
    139a:	0e 94 13 07 	call	0xe26	; 0xe26 <__divmodsi4>
    139e:	69 01       	movw	r12, r18
    13a0:	7a 01       	movw	r14, r20
    13a2:	a7 ea       	ldi	r26, 0xA7	; 167
    13a4:	b1 e4       	ldi	r27, 0x41	; 65
    13a6:	9b 01       	movw	r18, r22
    13a8:	ac 01       	movw	r20, r24
    13aa:	0e 94 20 0a 	call	0x1440	; 0x1440 <__muluhisi3>
    13ae:	69 83       	std	Y+1, r22	; 0x01
    13b0:	7a 83       	std	Y+2, r23	; 0x02
    13b2:	8b 83       	std	Y+3, r24	; 0x03
    13b4:	9c 83       	std	Y+4, r25	; 0x04
    13b6:	ac ee       	ldi	r26, 0xEC	; 236
    13b8:	b4 ef       	ldi	r27, 0xF4	; 244
    13ba:	a7 01       	movw	r20, r14
    13bc:	96 01       	movw	r18, r12
    13be:	0e 94 2e 0a 	call	0x145c	; 0x145c <__mulohisi3>
    13c2:	9b 01       	movw	r18, r22
    13c4:	ac 01       	movw	r20, r24
    13c6:	89 81       	ldd	r24, Y+1	; 0x01
    13c8:	9a 81       	ldd	r25, Y+2	; 0x02
    13ca:	ab 81       	ldd	r26, Y+3	; 0x03
    13cc:	bc 81       	ldd	r27, Y+4	; 0x04
    13ce:	82 0f       	add	r24, r18
    13d0:	93 1f       	adc	r25, r19
    13d2:	a4 1f       	adc	r26, r20
    13d4:	b5 1f       	adc	r27, r21
    13d6:	b7 ff       	sbrs	r27, 7
    13d8:	03 c0       	rjmp	.+6      	; 0x13e0 <do_rand+0xa2>
    13da:	01 97       	sbiw	r24, 0x01	; 1
    13dc:	a1 09       	sbc	r26, r1
    13de:	b0 48       	sbci	r27, 0x80	; 128
    13e0:	e9 85       	ldd	r30, Y+9	; 0x09
    13e2:	fa 85       	ldd	r31, Y+10	; 0x0a
    13e4:	80 83       	st	Z, r24
    13e6:	91 83       	std	Z+1, r25	; 0x01
    13e8:	a2 83       	std	Z+2, r26	; 0x02
    13ea:	b3 83       	std	Z+3, r27	; 0x03
    13ec:	9f 77       	andi	r25, 0x7F	; 127
    13ee:	2a 96       	adiw	r28, 0x0a	; 10
    13f0:	0f b6       	in	r0, 0x3f	; 63
    13f2:	f8 94       	cli
    13f4:	de bf       	out	0x3e, r29	; 62
    13f6:	0f be       	out	0x3f, r0	; 63
    13f8:	cd bf       	out	0x3d, r28	; 61
    13fa:	df 91       	pop	r29
    13fc:	cf 91       	pop	r28
    13fe:	ff 90       	pop	r15
    1400:	ef 90       	pop	r14
    1402:	df 90       	pop	r13
    1404:	cf 90       	pop	r12
    1406:	08 95       	ret

00001408 <rand_r>:
    1408:	0e 94 9f 09 	call	0x133e	; 0x133e <do_rand>
    140c:	08 95       	ret

0000140e <rand>:
    140e:	8a e0       	ldi	r24, 0x0A	; 10
    1410:	91 e0       	ldi	r25, 0x01	; 1
    1412:	0e 94 9f 09 	call	0x133e	; 0x133e <do_rand>
    1416:	08 95       	ret

00001418 <srand>:
    1418:	b0 e0       	ldi	r27, 0x00	; 0
    141a:	a0 e0       	ldi	r26, 0x00	; 0
    141c:	80 93 0a 01 	sts	0x010A, r24	; 0x80010a <next>
    1420:	90 93 0b 01 	sts	0x010B, r25	; 0x80010b <next+0x1>
    1424:	a0 93 0c 01 	sts	0x010C, r26	; 0x80010c <next+0x2>
    1428:	b0 93 0d 01 	sts	0x010D, r27	; 0x80010d <next+0x3>
    142c:	08 95       	ret

0000142e <memcpy_P>:
    142e:	fb 01       	movw	r30, r22
    1430:	dc 01       	movw	r26, r24
    1432:	02 c0       	rjmp	.+4      	; 0x1438 <memcpy_P+0xa>
    1434:	05 90       	lpm	r0, Z+
    1436:	0d 92       	st	X+, r0
    1438:	41 50       	subi	r20, 0x01	; 1
    143a:	50 40       	sbci	r21, 0x00	; 0
    143c:	d8 f7       	brcc	.-10     	; 0x1434 <memcpy_P+0x6>
    143e:	08 95       	ret

00001440 <__muluhisi3>:
    1440:	0e 94 6a 0a 	call	0x14d4	; 0x14d4 <__umulhisi3>
    1444:	a5 9f       	mul	r26, r21
    1446:	90 0d       	add	r25, r0
    1448:	b4 9f       	mul	r27, r20
    144a:	90 0d       	add	r25, r0
    144c:	a4 9f       	mul	r26, r20
    144e:	80 0d       	add	r24, r0
    1450:	91 1d       	adc	r25, r1
    1452:	11 24       	eor	r1, r1
    1454:	08 95       	ret

00001456 <__mulshisi3>:
    1456:	b7 ff       	sbrs	r27, 7
    1458:	0c 94 20 0a 	jmp	0x1440	; 0x1440 <__muluhisi3>

0000145c <__mulohisi3>:
    145c:	0e 94 20 0a 	call	0x1440	; 0x1440 <__muluhisi3>
    1460:	82 1b       	sub	r24, r18
    1462:	93 0b       	sbc	r25, r19
    1464:	08 95       	ret

00001466 <__prologue_saves__>:
    1466:	2f 92       	push	r2
    1468:	3f 92       	push	r3
    146a:	4f 92       	push	r4
    146c:	5f 92       	push	r5
    146e:	6f 92       	push	r6
    1470:	7f 92       	push	r7
    1472:	8f 92       	push	r8
    1474:	9f 92       	push	r9
    1476:	af 92       	push	r10
    1478:	bf 92       	push	r11
    147a:	cf 92       	push	r12
    147c:	df 92       	push	r13
    147e:	ef 92       	push	r14
    1480:	ff 92       	push	r15
    1482:	0f 93       	push	r16
    1484:	1f 93       	push	r17
    1486:	cf 93       	push	r28
    1488:	df 93       	push	r29
    148a:	cd b7       	in	r28, 0x3d	; 61
    148c:	de b7       	in	r29, 0x3e	; 62
    148e:	ca 1b       	sub	r28, r26
    1490:	db 0b       	sbc	r29, r27
    1492:	0f b6       	in	r0, 0x3f	; 63
    1494:	f8 94       	cli
    1496:	de bf       	out	0x3e, r29	; 62
    1498:	0f be       	out	0x3f, r0	; 63
    149a:	cd bf       	out	0x3d, r28	; 61
    149c:	09 94       	ijmp

0000149e <__epilogue_restores__>:
    149e:	2a 88       	ldd	r2, Y+18	; 0x12
    14a0:	39 88       	ldd	r3, Y+17	; 0x11
    14a2:	48 88       	ldd	r4, Y+16	; 0x10
    14a4:	5f 84       	ldd	r5, Y+15	; 0x0f
    14a6:	6e 84       	ldd	r6, Y+14	; 0x0e
    14a8:	7d 84       	ldd	r7, Y+13	; 0x0d
    14aa:	8c 84       	ldd	r8, Y+12	; 0x0c
    14ac:	9b 84       	ldd	r9, Y+11	; 0x0b
    14ae:	aa 84       	ldd	r10, Y+10	; 0x0a
    14b0:	b9 84       	ldd	r11, Y+9	; 0x09
    14b2:	c8 84       	ldd	r12, Y+8	; 0x08
    14b4:	df 80       	ldd	r13, Y+7	; 0x07
    14b6:	ee 80       	ldd	r14, Y+6	; 0x06
    14b8:	fd 80       	ldd	r15, Y+5	; 0x05
    14ba:	0c 81       	ldd	r16, Y+4	; 0x04
    14bc:	1b 81       	ldd	r17, Y+3	; 0x03
    14be:	aa 81       	ldd	r26, Y+2	; 0x02
    14c0:	b9 81       	ldd	r27, Y+1	; 0x01
    14c2:	ce 0f       	add	r28, r30
    14c4:	d1 1d       	adc	r29, r1
    14c6:	0f b6       	in	r0, 0x3f	; 63
    14c8:	f8 94       	cli
    14ca:	de bf       	out	0x3e, r29	; 62
    14cc:	0f be       	out	0x3f, r0	; 63
    14ce:	cd bf       	out	0x3d, r28	; 61
    14d0:	ed 01       	movw	r28, r26
    14d2:	08 95       	ret

000014d4 <__umulhisi3>:
    14d4:	a2 9f       	mul	r26, r18
    14d6:	b0 01       	movw	r22, r0
    14d8:	b3 9f       	mul	r27, r19
    14da:	c0 01       	movw	r24, r0
    14dc:	a3 9f       	mul	r26, r19
    14de:	70 0d       	add	r23, r0
    14e0:	81 1d       	adc	r24, r1
    14e2:	11 24       	eor	r1, r1
    14e4:	91 1d       	adc	r25, r1
    14e6:	b2 9f       	mul	r27, r18
    14e8:	70 0d       	add	r23, r0
    14ea:	81 1d       	adc	r24, r1
    14ec:	11 24       	eor	r1, r1
    14ee:	91 1d       	adc	r25, r1
    14f0:	08 95       	ret

000014f2 <_exit>:
    14f2:	f8 94       	cli

000014f4 <__stop_program>:
    14f4:	ff cf       	rjmp	.-2      	; 0x14f4 <__stop_program>
