make.exe all --print-data-base --no-builtin-variables --no-builtin-rules --question
# GNU Make 4.2.1
# Built for Windows32
# Copyright (C) 1988-2016 Free Software Foundation, Inc.
# License GPLv3+: GNU GPL version 3 or later <http://gnu.org/licenses/gpl.html>
# This is free software: you are free to change and redistribute it.
# There is NO WARRANTY, to the extent permitted by law.

# Make data base, printed on Thu Nov 25 21:23:08 2021

# Variables

# 'override' directive
GNUMAKEFLAGS := 
# automatic
<D = $(patsubst %/,%,$(patsubst %\,%,$(dir $<)))
# automatic
?F = $(notdir $?)
# default
.SHELLFLAGS := -c
# makefile
MAKEFLAGS = pqrR
# environment
VSCODE_LOG_NATIVE = false
# automatic
?D = $(patsubst %/,%,$(patsubst %\,%,$(dir $?)))
# automatic
@D = $(patsubst %/,%,$(patsubst %\,%,$(dir $@)))
# environment
HOMEDRIVE = C:
# automatic
@F = $(notdir $@)
# automatic
^D = $(patsubst %/,%,$( 
patsubst %\,%,$(dir $^)))
# makefile
CURDIR := c:/Users/Eduardo/Desktop/baixo_nivel/projects/git/t2-pbn-jogodasenha
# default
SHELL := sh.exe
# environment
JRE_HOME = C:\Program Files\Java\jdk-16.0.1
# environment
WINDIR = C:\Windows
# environment
VSCODE_NLS_CONFIG = {"locale":"pt-br","availableLanguages":{},"_languagePackSupport":true}
# environment
VBOX_MSI_INSTALL_PATH = C:\Program Files\Oracle\VirtualBox\
# makefile (from 'Makefile', line 11)
CFLAGS = -g -mmcu=$(MCU) -Wall -Os -fno-inline-small-functions -fno-split-wide-types -D F_CPU=$(CRYSTAL) -D USART_BAUD=$(SERIAL_BAUDRATE)
# environment
ONEDRIVE = C:\Users\Eduardo\OneDrive
# environment
PATHEXT = .COM;.EXE;.BAT;.CMD;.VBS;.VBE;.JS;.JSE;.WSF;.WSH;.MSC
# makefile (from 'Makefile', line 1)
MAKEFILE_LIST :=  Makefile
# environment
TMP = C:\Users\Eduardo\AppData\Local\Temp
# environment
VSCODE_VERBOSE_LOGGING = true
# environment
PROGRAMW6432 = C:\Program Files
# environment
PROGRAMDATA = C:\ProgramData
# environment
VSCODE_IPC_HOOK_EXTHOST = \\.\pipe\vscode-ipc-52a67dae-9910-40b2-9792-3c4bfe310fb5-sock
# environment
VSCODE_CWD = C:\Users\Eduardo\AppData\Local\Programs\Microsoft VS Code
# default
MAKE_HOST := Windows32
# environment
PATH = C:\Program Files\Common Files\Oracle\Java\javapath;C:\Program Files (x86)\Razer Chroma SDK\bin;C:\Program Files\Razer Chroma SDK\bin;C:\Program Files (x86)\Common Files\Oracle\Java\javapath;C:\Windows\system32;C:\Windows;C:\Windows\System32\Wbem;C:\Windows\System32\WindowsPowerShell\v1.0\;C:\Windows\System32\OpenSSH\;C:\Program Files (x86)\NVIDIA Corporation\PhysX\Common;C:\Users\Eduardo\AppData\Local\Microsoft\WindowsApps;C:\Program Files\Git\cmd;C:\composer;C:\Program Files (x86)\PhpPath\php;C:\Users\Eduardo\Desktop\seek\workspace\java\tfworkspace\apache-maven-3.8.1\bin;C:\Program Files\Java\jdk-16.0.1\bin;C:\MinGW\bin;C:\Program Files\dotnet\;C:\avr-gcc-11.1.0-x64-windows\bin;C:\avr-gcc-11.1.0-x64-windows\avr\bin;C:\Users\Eduardo\AppData\Local\Programs\Python\Python39\;C:\Users\Eduardo\AppData\Local\Programs\Microsoft VS Code\bin;C:\Users\Eduardo\AppData\Roaming\Composer\vendor\bin;C:\intelFPGA_pro\21.1\modelsim_ase\win32aloem
# environment
COMMONPROGRAMW6432 = C:\Program Files\Common Files
# environment
PROCESSOR_ARCHITECTURE = AMD64
# environment
USERPROFILE = C:\Users\Eduardo
# environment
ALLUSERSPROFILE = C:\ProgramData
# environment
VSCODE_LOG_STACK = false
# environment
NUMBER_OF_PROCESSORS = 8
# environment
ELECTRON_RUN_AS_NODE = 1
# default
.FEATURES := target-specific order-only second-expansion else-if shortest-stem undefine oneshell archives jobserver output-sync load
# makefile (from 'Makefile', line 9)
SIZE = avr-size
# automatic
%F = $(notdir $%)
# environment
CHROME_CRASHPAD_PIPE_NAME = \\.\pipe\crashpad_1832_VEBZRXVCUTVNHMEP
# environment
VSCODE_PIPE_LOGGING = true
# environment
COMPUTERNAME = DESKTOP-1IFSI6L
# environment
PROGRAMFILES = C:\Program Files
# default
.LOADED := 
# environment
DRIVERDATA = C:\Windows\System32\Drivers\DriverData
# environment
ORIGINAL_XDG_CURRENT_DESKTOP = undefined
# environment
USERNAME = Eduardo
# environment
PUBLIC = C:\Users\Public
# environment
VSCODE_AMD_ENTRYPOINT = vs/workbench/services/extensions/node/extensionHostProcess
# makefile (from 'Makefile', line 2)
CRYSTAL = 16000000
# environment
VSCODE_CODE_CACHE_PATH = C:\Users\Eduardo\AppData\Roaming\Code\CachedData\ccbaa2d27e38e5afa3e5c21c1c7bef4657064247
# environment
APPLICATION_INSIGHTS_NO_DIAGNOSTIC_CHANNEL = true
# environment
COMMONPROGRAMFILES = C:\Program Files\Common Files
# environment
LOGONSERVER = \\DESKTOP-1IFSI6L
# environment
VSCODE_HANDLES_UNCAUGHT_ERRORS = true
# environment
USERDOMAIN = DESKTOP-1IFSI6L
# environment
MAKELEVEL := 0
# makefile (from 'Makefile', line 1)
MCU = atmega328p
# default
MAKE = $(MAKE_COMMAND)
# default
MAKECMDGOALS := all
# environment
QT_DEVICE_PIXEL_RATIO = auto
# makefile (from 'Makefile', line 6)
CC = avr-gcc
# default
MAKE_VERSION := 4.2.1
# makefile
.DEFAULT_GOAL := all
# environment
PROGRAMFILES(X86) = C:\Program Files (x86)
# automatic
%D = $(patsubst %/,%,$(patsubst %\,%,$(dir $%)))
# environment
LOCALAPPDATA = C:\Users\Eduardo\AppData\Local
# environment
PSMODULEPATH = C:\Program Files\WindowsPowerShell\Modules;C:\Windows\system32\WindowsPowerShell\v1.0\Modules
# default
MAKE_COMMAND := make.exe
# default
.VARIABLES := 
# automatic
*F = $(notdir $*)
# environment
PROCESSOR_IDENTIFIER = Intel64 Family 6 Model 58 Stepping 9, GenuineIntel
# environment
OS = Windows_NT
# environment
VSCODE_IPC_HOOK = \\.\pipe\676805865a0d51ce50964fc4b4829636-1.62.3-main-sock
# environment
HOMEPATH = \Users\Eduardo
# environment
COMMONPROGRAMFILES(X86) = C:\Program Files (x86)\Common Files
# environment
PROMPT = $P$G
# environment
MFLAGS = -pqrR
# automatic
*D = $(patsubst %/,%,$(patsubst %\,%,$(dir $*)))
# environment
PT8HOME = C:\Program Files\Cisco Packet Tracer 8.0
# environment
SYSTEMROOT = C:\Windows
# automatic
+D = $(patsubst %/,%,$(patsubst %\,%,$(dir $+)))
# makefile (from 'Makefile', line 8)
OBJDUMP = avr-objdump
# automatic
+F = $(notdir $+)
# environment
APPDATA = C:\Users\Eduardo\AppData\Roaming
# environment
__COMPAT_LAYER = RunAsAdmin Installer
# environment
TEMP = C:\Users\Eduardo\AppData\Local\Temp
# environment
COMSPEC = C:\Windows\system32\cmd.exe
# default
MAKEFILES := 
# automatic
<F = $(notdir $<)
# environment
LC_ALL = C
# automatic
^F = $(notdir $^)
# makefile (from 'Makefile', line 7)
OBJCOPY = avr-objcopy
# default
SUFFIXES := 
# environment
SYSTEMDRIVE = C:
# environment
PROCESSOR_REVISION = 3a09
# default
.INCLUDE_DIRS = .
# default
.RECIPEPREFIX := 
# environment
LANG = C
# environment
PROCESSOR_LEVEL = 6
# environment
VSCODE_PID = 1832
# environment
USERDOMAIN_ROAMINGPROFILE = DESKTOP-1IFSI6L
# makefile (from 'Makefile', line 4)
SERIAL_BAUDRATE = 57600
# variable set hash-table stats:
# Load=103/1024=10%, Rehash=0, Collisions=25/167=15%

# Pattern-specific Variable Values

# No pattern-specific variable values.

# Directories

# . (key c:/Users/Eduardo/Desktop/baixo_nivel/projects/git/t2-pbn-jogodasenha, mtime 1637885980): 28 files, no impossibilities.

# 28 files, no impossibilities in 1 directories.

# Implicit Rules

# No implicit rules.

# Files

all:
#  Command line target.
#  Implicit rule search has not been done.
#  Implicit/static pattern stem: ''
#  File does not exist.
#  File has been updated.
#  Needs to be updated (-q is set).
# automatic
# @ := all
# automatic
# % := 
# automatic
# * := 
# automatic
# + := 
# automatic
# | := 
# automatic
# < := 
# automatic
# ^ := 
# automatic
# ? := 
# variable set hash-table stats:
# Load=8/32=25%, Rehash=0, Collisions=11/50=22%
#  recipe to execute (from 'Makefile', line 14):
	$(CC) $(CFLAGS) -c main.c
	$(CC) $(CFLAGS) -c usart.c
	$(CC) $(CFLAGS) -c adc.c
	$(CC) $(CFLAGS) -c print.c
	$(CC) $(CFLAGS) -c main.c -o main.o
	$(CC) $(CFLAGS) -c nokia5110.c
	$(CC) $(CFLAGS) main.o nokia5110.o usart.o adc.o print.o -o code.elf
	$(OBJCOPY) -R .eeprom -O ihex code.elf code.hex
	$(OBJDUMP) -d code.elf > code.lst
	$(OBJDUMP) -h code.elf > code.sec
	$(SIZE) code.elf

# Not a target:
.SUFFIXES:
#  Implicit rule search has not been done.
#  Modification time never checked.
#  File has not been updated.

# Not a target:
Makefile:
#  Implicit rule search has been done.
#  Last modified 2021-11-21 21:21:48
#  File has been updated.
#  Successfully updated.

# Not a target:
.DEFAULT:
#  Implicit rule search has not been done.
#  Modification time never checked.
#  File has not been updated.

clean:
#  Implicit rule search has not been done.
#  Modification time never checked.
#  File has not been updated.
#  recipe to execute (from 'Makefile', line 27):
	rm -f *.o *.map *.elf *.sec *.lst *.hex *~

# files hash-table stats:
# Load=5/1024=0%, Rehash=0, Collisions=0/17=0%
# VPATH Search Paths

# No 'vpath' search paths.

# No general ('VPATH' variable) search path.

# strcache buffers: 1 (0) / strings = 32 / storage = 282 B / avg = 8 B
# current buf: size = 8162 B / used = 282 B / count = 32 / avg = 8 B

# strcache performance: lookups = 40 / hit rate = 20%
# hash-table stats:
# Load=32/8192=0%, Rehash=0, Collisions=1/40=3%
# Finished Make data base on Thu Nov 25 21:23:08 2021

 
